{"/home/st111/ReadThis-back/src/server.ts": {"path":"/home/st111/ReadThis-back/src/server.ts","statementMap":{"0":{"start":{"line":1,"column":0},"end":{"line":1,"column":25}},"1":{"start":{"line":2,"column":0},"end":{"line":8,"column":1}},"2":{"start":{"line":3,"column":2},"end":{"line":3,"column":36}},"3":{"start":{"line":4,"column":7},"end":{"line":8,"column":1}},"4":{"start":{"line":5,"column":2},"end":{"line":5,"column":36}},"5":{"start":{"line":7,"column":2},"end":{"line":7,"column":15}},"6":{"start":{"line":9,"column":0},"end":{"line":9,"column":43}},"7":{"start":{"line":10,"column":0},"end":{"line":10,"column":32}},"8":{"start":{"line":12,"column":0},"end":{"line":12,"column":45}},"9":{"start":{"line":13,"column":0},"end":{"line":13,"column":52}},"10":{"start":{"line":14,"column":0},"end":{"line":14,"column":46}},"11":{"start":{"line":15,"column":0},"end":{"line":15,"column":46}},"12":{"start":{"line":17,"column":0},"end":{"line":17,"column":41}},"13":{"start":{"line":18,"column":0},"end":{"line":18,"column":24}},"14":{"start":{"line":20,"column":0},"end":{"line":20,"column":43}},"15":{"start":{"line":21,"column":0},"end":{"line":21,"column":24}},"16":{"start":{"line":25,"column":12},"end":{"line":25,"column":21}},"17":{"start":{"line":27,"column":0},"end":{"line":32,"column":2}},"18":{"start":{"line":36,"column":0},"end":{"line":36,"column":24}},"19":{"start":{"line":39,"column":0},"end":{"line":39,"column":16}},"20":{"start":{"line":40,"column":0},"end":{"line":47,"column":2}},"21":{"start":{"line":49,"column":0},"end":{"line":49,"column":70}},"22":{"start":{"line":50,"column":0},"end":{"line":50,"column":37}},"23":{"start":{"line":51,"column":0},"end":{"line":51,"column":84}},"24":{"start":{"line":51,"column":33},"end":{"line":51,"column":80}},"25":{"start":{"line":53,"column":0},"end":{"line":53,"column":30}},"26":{"start":{"line":54,"column":0},"end":{"line":54,"column":36}},"27":{"start":{"line":55,"column":0},"end":{"line":55,"column":29}},"28":{"start":{"line":56,"column":0},"end":{"line":56,"column":30}},"29":{"start":{"line":57,"column":0},"end":{"line":57,"column":70}},"30":{"start":{"line":60,"column":11},"end":{"line":60,"column":30}},"31":{"start":{"line":61,"column":0},"end":{"line":61,"column":77}},"32":{"start":{"line":61,"column":26},"end":{"line":61,"column":75}},"33":{"start":{"line":62,"column":0},"end":{"line":62,"column":59}},"34":{"start":{"line":62,"column":22},"end":{"line":62,"column":57}},"35":{"start":{"line":64,"column":16},"end":{"line":78,"column":1}},"36":{"start":{"line":65,"column":2},"end":{"line":77,"column":5}},"37":{"start":{"line":66,"column":4},"end":{"line":69,"column":5}},"38":{"start":{"line":67,"column":6},"end":{"line":67,"column":55}},"39":{"start":{"line":68,"column":6},"end":{"line":68,"column":13}},"40":{"start":{"line":70,"column":4},"end":{"line":76,"column":39}},"41":{"start":{"line":73,"column":8},"end":{"line":73,"column":42}},"42":{"start":{"line":74,"column":8},"end":{"line":74,"column":21}},"43":{"start":{"line":76,"column":24},"end":{"line":76,"column":37}},"44":{"start":{"line":81,"column":16},"end":{"line":96,"column":2}},"45":{"start":{"line":97,"column":14},"end":{"line":97,"column":35}},"46":{"start":{"line":98,"column":0},"end":{"line":98,"column":62}},"47":{"start":{"line":100,"column":0},"end":{"line":100,"column":23}}},"fnMap":{"0":{"name":"(anonymous_1)","decl":{"start":{"line":51,"column":17},"end":{"line":51,"column":18}},"loc":{"start":{"line":51,"column":30},"end":{"line":51,"column":82}}},"1":{"name":"(anonymous_2)","decl":{"start":{"line":61,"column":15},"end":{"line":61,"column":16}},"loc":{"start":{"line":61,"column":26},"end":{"line":61,"column":75}}},"2":{"name":"(anonymous_3)","decl":{"start":{"line":62,"column":16},"end":{"line":62,"column":19}},"loc":{"start":{"line":62,"column":22},"end":{"line":62,"column":57}}},"3":{"name":"(anonymous_4)","decl":{"start":{"line":64,"column":16},"end":{"line":64,"column":37}},"loc":{"start":{"line":64,"column":39},"end":{"line":78,"column":1}}},"4":{"name":"(anonymous_5)","decl":{"start":{"line":65,"column":21},"end":{"line":65,"column":22}},"loc":{"start":{"line":65,"column":41},"end":{"line":77,"column":3}}},"5":{"name":"(anonymous_6)","decl":{"start":{"line":72,"column":12},"end":{"line":72,"column":15}},"loc":{"start":{"line":72,"column":17},"end":{"line":75,"column":7}}},"6":{"name":"(anonymous_7)","decl":{"start":{"line":76,"column":13},"end":{"line":76,"column":14}},"loc":{"start":{"line":76,"column":24},"end":{"line":76,"column":37}}}},"branchMap":{"0":{"loc":{"start":{"line":2,"column":0},"end":{"line":8,"column":1}},"type":"if","locations":[{"start":{"line":2,"column":0},"end":{"line":8,"column":1}},{"start":{"line":4,"column":7},"end":{"line":8,"column":1}}]},"1":{"loc":{"start":{"line":4,"column":7},"end":{"line":8,"column":1}},"type":"if","locations":[{"start":{"line":4,"column":7},"end":{"line":8,"column":1}},{"start":{"line":6,"column":7},"end":{"line":8,"column":1}}]},"2":{"loc":{"start":{"line":66,"column":4},"end":{"line":69,"column":5}},"type":"if","locations":[{"start":{"line":66,"column":4},"end":{"line":69,"column":5}}]}},"s":{"0":3,"1":3,"2":3,"3":0,"4":0,"5":0,"6":3,"7":3,"8":3,"9":3,"10":3,"11":3,"12":3,"13":3,"14":3,"15":3,"16":3,"17":3,"18":3,"19":3,"20":3,"21":3,"22":3,"23":3,"24":0,"25":3,"26":3,"27":3,"28":3,"29":3,"30":3,"31":3,"32":0,"33":3,"34":3,"35":3,"36":3,"37":3,"38":0,"39":0,"40":3,"41":3,"42":3,"43":0,"44":3,"45":3,"46":3,"47":3},"f":{"0":0,"1":0,"2":3,"3":3,"4":3,"5":3,"6":0},"b":{"0":[3,0],"1":[0,0],"2":[0]}}
,"/home/st111/ReadThis-back/src/common/auth_middleware.ts": {"path":"/home/st111/ReadThis-back/src/common/auth_middleware.ts","statementMap":{"0":{"start":{"line":1,"column":0},"end":{"line":1,"column":31}},"1":{"start":{"line":8,"column":23},"end":{"line":48,"column":1}},"2":{"start":{"line":13,"column":24},"end":{"line":13,"column":51}},"3":{"start":{"line":14,"column":2},"end":{"line":18,"column":3}},"4":{"start":{"line":15,"column":4},"end":{"line":15,"column":38}},"5":{"start":{"line":16,"column":4},"end":{"line":16,"column":73}},"6":{"start":{"line":17,"column":4},"end":{"line":17,"column":11}},"7":{"start":{"line":20,"column":16},"end":{"line":20,"column":43}},"8":{"start":{"line":21,"column":2},"end":{"line":21,"column":21}},"9":{"start":{"line":22,"column":2},"end":{"line":26,"column":3}},"10":{"start":{"line":23,"column":4},"end":{"line":23,"column":33}},"11":{"start":{"line":24,"column":4},"end":{"line":24,"column":69}},"12":{"start":{"line":25,"column":4},"end":{"line":25,"column":11}},"13":{"start":{"line":28,"column":2},"end":{"line":47,"column":5}},"14":{"start":{"line":29,"column":4},"end":{"line":33,"column":5}},"15":{"start":{"line":30,"column":6},"end":{"line":30,"column":23}},"16":{"start":{"line":31,"column":6},"end":{"line":31,"column":82}},"17":{"start":{"line":32,"column":6},"end":{"line":32,"column":13}},"18":{"start":{"line":36,"column":24},"end":{"line":36,"column":49}},"19":{"start":{"line":38,"column":4},"end":{"line":44,"column":15}},"20":{"start":{"line":46,"column":4},"end":{"line":46,"column":11}},"21":{"start":{"line":50,"column":0},"end":{"line":50,"column":30}}},"fnMap":{"0":{"name":"(anonymous_1)","decl":{"start":{"line":8,"column":23},"end":{"line":8,"column":null}},"loc":{"start":{"line":12,"column":4},"end":{"line":48,"column":1}}},"1":{"name":"(anonymous_2)","decl":{"start":{"line":28,"column":47},"end":{"line":28,"column":48}},"loc":{"start":{"line":28,"column":64},"end":{"line":47,"column":3}}}},"branchMap":{"0":{"loc":{"start":{"line":14,"column":2},"end":{"line":18,"column":3}},"type":"if","locations":[{"start":{"line":14,"column":2},"end":{"line":18,"column":3}}]},"1":{"loc":{"start":{"line":22,"column":2},"end":{"line":26,"column":3}},"type":"if","locations":[{"start":{"line":22,"column":2},"end":{"line":26,"column":3}}]},"2":{"loc":{"start":{"line":29,"column":4},"end":{"line":33,"column":5}},"type":"if","locations":[{"start":{"line":29,"column":4},"end":{"line":33,"column":5}}]},"3":{"loc":{"start":{"line":29,"column":8},"end":{"line":29,"column":23}},"type":"binary-expr","locations":[{"start":{"line":29,"column":8},"end":{"line":29,"column":11}},{"start":{"line":29,"column":15},"end":{"line":29,"column":23}}]}},"s":{"0":3,"1":3,"2":15,"3":15,"4":2,"5":2,"6":2,"7":13,"8":13,"9":13,"10":0,"11":0,"12":0,"13":13,"14":13,"15":0,"16":0,"17":0,"18":13,"19":13,"20":13,"21":3},"f":{"0":15,"1":13},"b":{"0":[2],"1":[0],"2":[0],"3":[13,13]}}
,"/home/st111/ReadThis-back/src/common/file_middleware.ts": {"path":"/home/st111/ReadThis-back/src/common/file_middleware.ts","statementMap":{"0":{"start":{"line":1,"column":0},"end":{"line":1,"column":28}},"1":{"start":{"line":2,"column":0},"end":{"line":2,"column":24}},"2":{"start":{"line":3,"column":0},"end":{"line":3,"column":20}},"3":{"start":{"line":13,"column":16},"end":{"line":24,"column":2}},"4":{"start":{"line":15,"column":23},"end":{"line":15,"column":62}},"5":{"start":{"line":16,"column":4},"end":{"line":18,"column":5}},"6":{"start":{"line":17,"column":6},"end":{"line":17,"column":52}},"7":{"start":{"line":19,"column":4},"end":{"line":19,"column":25}},"8":{"start":{"line":22,"column":4},"end":{"line":22,"column":32}},"9":{"start":{"line":27,"column":15},"end":{"line":41,"column":2}},"10":{"start":{"line":31,"column":25},"end":{"line":31,"column":39}},"11":{"start":{"line":33,"column":6},"end":{"line":33,"column":106}},"12":{"start":{"line":35,"column":4},"end":{"line":39,"column":5}},"13":{"start":{"line":36,"column":6},"end":{"line":36,"column":21}},"14":{"start":{"line":38,"column":6},"end":{"line":38,"column":66}},"15":{"start":{"line":43,"column":0},"end":{"line":43,"column":22}}},"fnMap":{"0":{"name":"(anonymous_1)","decl":{"start":{"line":14,"column":15},"end":{"line":14,"column":16}},"loc":{"start":{"line":14,"column":33},"end":{"line":20,"column":3}}},"1":{"name":"(anonymous_2)","decl":{"start":{"line":21,"column":12},"end":{"line":21,"column":13}},"loc":{"start":{"line":21,"column":30},"end":{"line":23,"column":3}}},"2":{"name":"(anonymous_3)","decl":{"start":{"line":30,"column":14},"end":{"line":30,"column":15}},"loc":{"start":{"line":30,"column":32},"end":{"line":40,"column":3}}}},"branchMap":{"0":{"loc":{"start":{"line":16,"column":4},"end":{"line":18,"column":5}},"type":"if","locations":[{"start":{"line":16,"column":4},"end":{"line":18,"column":5}}]},"1":{"loc":{"start":{"line":33,"column":6},"end":{"line":33,"column":106}},"type":"binary-expr","locations":[{"start":{"line":33,"column":6},"end":{"line":33,"column":38}},{"start":{"line":33,"column":42},"end":{"line":33,"column":106}}]},"2":{"loc":{"start":{"line":35,"column":4},"end":{"line":39,"column":5}},"type":"if","locations":[{"start":{"line":35,"column":4},"end":{"line":39,"column":5}},{"start":{"line":37,"column":11},"end":{"line":39,"column":5}}]}},"s":{"0":3,"1":3,"2":3,"3":3,"4":9,"5":9,"6":1,"7":9,"8":9,"9":3,"10":9,"11":9,"12":9,"13":9,"14":0,"15":3},"f":{"0":9,"1":9,"2":9},"b":{"0":[1],"1":[9,9],"2":[9,0]}}
,"/home/st111/ReadThis-back/src/controllers/base_controller.ts": {"path":"/home/st111/ReadThis-back/src/controllers/base_controller.ts","statementMap":{"0":{"start":{"line":8,"column":4},"end":{"line":8,"column":23}},"1":{"start":{"line":12,"column":19},"end":{"line":12,"column":34}},"2":{"start":{"line":13,"column":4},"end":{"line":23,"column":5}},"3":{"start":{"line":14,"column":6},"end":{"line":20,"column":7}},"4":{"start":{"line":15,"column":22},"end":{"line":15,"column":62}},"5":{"start":{"line":16,"column":8},"end":{"line":16,"column":24}},"6":{"start":{"line":18,"column":22},"end":{"line":18,"column":45}},"7":{"start":{"line":19,"column":8},"end":{"line":19,"column":24}},"8":{"start":{"line":22,"column":6},"end":{"line":22,"column":34}},"9":{"start":{"line":32,"column":4},"end":{"line":39,"column":5}},"10":{"start":{"line":33,"column":18},"end":{"line":33,"column":64}},"11":{"start":{"line":34,"column":6},"end":{"line":34,"column":32}},"12":{"start":{"line":34,"column":16},"end":{"line":34,"column":32}},"13":{"start":{"line":35,"column":6},"end":{"line":35,"column":20}},"14":{"start":{"line":37,"column":6},"end":{"line":37,"column":25}},"15":{"start":{"line":38,"column":6},"end":{"line":38,"column":34}},"16":{"start":{"line":43,"column":19},"end":{"line":43,"column":32}},"17":{"start":{"line":45,"column":4},"end":{"line":55,"column":5}},"18":{"start":{"line":46,"column":19},"end":{"line":46,"column":52}},"19":{"start":{"line":47,"column":6},"end":{"line":47,"column":24}},"20":{"start":{"line":48,"column":6},"end":{"line":52,"column":7}},"21":{"start":{"line":49,"column":8},"end":{"line":49,"column":23}},"22":{"start":{"line":51,"column":8},"end":{"line":51,"column":47}},"23":{"start":{"line":54,"column":6},"end":{"line":54,"column":34}},"24":{"start":{"line":64,"column":4},"end":{"line":73,"column":5}},"25":{"start":{"line":65,"column":18},"end":{"line":67,"column":31}},"26":{"start":{"line":68,"column":6},"end":{"line":68,"column":32}},"27":{"start":{"line":68,"column":16},"end":{"line":68,"column":32}},"28":{"start":{"line":69,"column":6},"end":{"line":69,"column":20}},"29":{"start":{"line":71,"column":6},"end":{"line":71,"column":25}},"30":{"start":{"line":72,"column":6},"end":{"line":72,"column":34}},"31":{"start":{"line":77,"column":21},"end":{"line":77,"column":29}},"32":{"start":{"line":78,"column":4},"end":{"line":83,"column":5}},"33":{"start":{"line":79,"column":19},"end":{"line":79,"column":52}},"34":{"start":{"line":80,"column":6},"end":{"line":80,"column":33}},"35":{"start":{"line":82,"column":6},"end":{"line":82,"column":34}},"36":{"start":{"line":87,"column":19},"end":{"line":87,"column":32}},"37":{"start":{"line":88,"column":4},"end":{"line":93,"column":5}},"38":{"start":{"line":89,"column":17},"end":{"line":89,"column":59}},"39":{"start":{"line":90,"column":6},"end":{"line":90,"column":31}},"40":{"start":{"line":92,"column":6},"end":{"line":92,"column":34}},"41":{"start":{"line":97,"column":0},"end":{"line":97,"column":30}}},"fnMap":{"0":{"name":"(anonymous_7)","decl":{"start":{"line":7,"column":2},"end":{"line":7,"column":14}},"loc":{"start":{"line":7,"column":29},"end":{"line":9,"column":3}}},"1":{"name":"(anonymous_8)","decl":{"start":{"line":11,"column":8},"end":{"line":11,"column":14}},"loc":{"start":{"line":11,"column":42},"end":{"line":24,"column":null}}},"2":{"name":"(anonymous_10)","decl":{"start":{"line":26,"column":8},"end":{"line":26,"column":23}},"loc":{"start":{"line":30,"column":19},"end":{"line":40,"column":null}}},"3":{"name":"(anonymous_12)","decl":{"start":{"line":42,"column":8},"end":{"line":42,"column":15}},"loc":{"start":{"line":42,"column":43},"end":{"line":56,"column":null}}},"4":{"name":"(anonymous_14)","decl":{"start":{"line":58,"column":8},"end":{"line":58,"column":24}},"loc":{"start":{"line":62,"column":19},"end":{"line":74,"column":null}}},"5":{"name":"(anonymous_16)","decl":{"start":{"line":76,"column":8},"end":{"line":76,"column":18}},"loc":{"start":{"line":76,"column":46},"end":{"line":84,"column":null}}},"6":{"name":"(anonymous_18)","decl":{"start":{"line":86,"column":8},"end":{"line":86,"column":18}},"loc":{"start":{"line":86,"column":46},"end":{"line":94,"column":null}}}},"branchMap":{"0":{"loc":{"start":{"line":14,"column":6},"end":{"line":20,"column":7}},"type":"if","locations":[{"start":{"line":14,"column":6},"end":{"line":20,"column":7}},{"start":{"line":17,"column":13},"end":{"line":20,"column":7}}]},"1":{"loc":{"start":{"line":34,"column":6},"end":{"line":34,"column":32}},"type":"if","locations":[{"start":{"line":34,"column":6},"end":{"line":34,"column":32}}]},"2":{"loc":{"start":{"line":48,"column":6},"end":{"line":52,"column":7}},"type":"if","locations":[{"start":{"line":48,"column":6},"end":{"line":52,"column":7}},{"start":{"line":50,"column":13},"end":{"line":52,"column":7}}]},"3":{"loc":{"start":{"line":68,"column":6},"end":{"line":68,"column":32}},"type":"if","locations":[{"start":{"line":68,"column":6},"end":{"line":68,"column":32}}]}},"s":{"0":6,"1":2,"2":2,"3":2,"4":1,"5":1,"6":1,"7":1,"8":0,"9":2,"10":2,"11":2,"12":0,"13":2,"14":0,"15":0,"16":1,"17":1,"18":1,"19":1,"20":1,"21":1,"22":0,"23":0,"24":9,"25":9,"26":9,"27":1,"28":9,"29":0,"30":0,"31":1,"32":1,"33":1,"34":1,"35":0,"36":1,"37":1,"38":1,"39":1,"40":0,"41":3},"f":{"0":6,"1":2,"2":2,"3":1,"4":9,"5":1,"6":1},"b":{"0":[1,1],"1":[0],"2":[1,0],"3":[1]}}
,"/home/st111/ReadThis-back/src/controllers/book_recommendation_controller.ts": {"path":"/home/st111/ReadThis-back/src/controllers/book_recommendation_controller.ts","statementMap":{"0":{"start":{"line":2,"column":0},"end":{"line":2,"column":67}},"1":{"start":{"line":4,"column":30},"end":{"line":22,"column":2}},"2":{"start":{"line":4,"column":83},"end":{"line":22,"column":2}},"3":{"start":{"line":5,"column":4},"end":{"line":21,"column":5}},"4":{"start":{"line":6,"column":30},"end":{"line":6,"column":38}},"5":{"start":{"line":7,"column":8},"end":{"line":9,"column":9}},"6":{"start":{"line":8,"column":13},"end":{"line":8,"column":72}},"7":{"start":{"line":11,"column":32},"end":{"line":11,"column":71}},"8":{"start":{"line":13,"column":8},"end":{"line":15,"column":9}},"9":{"start":{"line":14,"column":13},"end":{"line":14,"column":74}},"10":{"start":{"line":17,"column":9},"end":{"line":17,"column":39}},"11":{"start":{"line":19,"column":8},"end":{"line":19,"column":71}},"12":{"start":{"line":20,"column":9},"end":{"line":20,"column":67}},"13":{"start":{"line":4,"column":13},"end":{"line":4,"column":30}}},"fnMap":{"0":{"name":"(anonymous_7)","decl":{"start":{"line":4,"column":30},"end":{"line":4,"column":37}},"loc":{"start":{"line":4,"column":83},"end":{"line":22,"column":2}}},"1":{"name":"(anonymous_8)","decl":{"start":{"line":4,"column":83},"end":{"line":4,"column":null}},"loc":{"start":{"line":4,"column":83},"end":{"line":22,"column":1}}}},"branchMap":{"0":{"loc":{"start":{"line":7,"column":8},"end":{"line":9,"column":9}},"type":"if","locations":[{"start":{"line":7,"column":8},"end":{"line":9,"column":9}}]},"1":{"loc":{"start":{"line":13,"column":8},"end":{"line":15,"column":9}},"type":"if","locations":[{"start":{"line":13,"column":8},"end":{"line":15,"column":9}}]}},"s":{"0":4,"1":4,"2":4,"3":4,"4":4,"5":4,"6":1,"7":4,"8":3,"9":1,"10":3,"11":1,"12":1,"13":4},"f":{"0":4,"1":4},"b":{"0":[1],"1":[1]}}
,"/home/st111/ReadThis-back/src/controllers/comments_controller.ts": {"path":"/home/st111/ReadThis-back/src/controllers/comments_controller.ts","statementMap":{"0":{"start":{"line":1,"column":0},"end":{"line":1,"column":67}},"1":{"start":{"line":2,"column":0},"end":{"line":2,"column":47}},"2":{"start":{"line":4,"column":26},"end":{"line":4,"column":69}},"3":{"start":{"line":6,"column":0},"end":{"line":6,"column":33}}},"fnMap":{},"branchMap":{},"s":{"0":3,"1":3,"2":3,"3":3},"f":{},"b":{}}
,"/home/st111/ReadThis-back/src/controllers/google_controller.ts": {"path":"/home/st111/ReadThis-back/src/controllers/google_controller.ts","statementMap":{"0":{"start":{"line":2,"column":0},"end":{"line":2,"column":41}},"1":{"start":{"line":3,"column":0},"end":{"line":3,"column":51}},"2":{"start":{"line":4,"column":0},"end":{"line":4,"column":48}},"3":{"start":{"line":6,"column":15},"end":{"line":6,"column":33}},"4":{"start":{"line":8,"column":26},"end":{"line":50,"column":4}},"5":{"start":{"line":8,"column":79},"end":{"line":50,"column":4}},"6":{"start":{"line":9,"column":4},"end":{"line":49,"column":5}},"7":{"start":{"line":10,"column":21},"end":{"line":13,"column":8}},"8":{"start":{"line":15,"column":22},"end":{"line":15,"column":41}},"9":{"start":{"line":16,"column":20},"end":{"line":16,"column":34}},"10":{"start":{"line":17,"column":19},"end":{"line":17,"column":32}},"11":{"start":{"line":18,"column":22},"end":{"line":18,"column":38}},"12":{"start":{"line":20,"column":6},"end":{"line":23,"column":7}},"13":{"start":{"line":21,"column":8},"end":{"line":21,"column":64}},"14":{"start":{"line":22,"column":8},"end":{"line":22,"column":15}},"15":{"start":{"line":25,"column":17},"end":{"line":25,"column":46}},"16":{"start":{"line":27,"column":6},"end":{"line":36,"column":7}},"17":{"start":{"line":28,"column":25},"end":{"line":28,"column":87}},"18":{"start":{"line":30,"column":8},"end":{"line":35,"column":11}},"19":{"start":{"line":38,"column":21},"end":{"line":38,"column":65}},"20":{"start":{"line":40,"column":6},"end":{"line":46,"column":9}},"21":{"start":{"line":48,"column":6},"end":{"line":48,"column":51}},"22":{"start":{"line":8,"column":13},"end":{"line":8,"column":26}}},"fnMap":{"0":{"name":"(anonymous_8)","decl":{"start":{"line":8,"column":26},"end":{"line":8,"column":33}},"loc":{"start":{"line":8,"column":79},"end":{"line":50,"column":4}}},"1":{"name":"(anonymous_9)","decl":{"start":{"line":8,"column":79},"end":{"line":8,"column":null}},"loc":{"start":{"line":8,"column":79},"end":{"line":50,"column":3}}}},"branchMap":{"0":{"loc":{"start":{"line":16,"column":20},"end":{"line":16,"column":34}},"type":"cond-expr","locations":[{"start":{"line":16,"column":27},"end":{"line":16,"column":29}},{"start":{"line":16,"column":20},"end":{"line":16,"column":34}}]},"1":{"loc":{"start":{"line":16,"column":20},"end":{"line":16,"column":29}},"type":"binary-expr","locations":[{"start":{"line":16,"column":20},"end":{"line":16,"column":29}},{"start":{"line":16,"column":20},"end":{"line":16,"column":29}}]},"2":{"loc":{"start":{"line":17,"column":19},"end":{"line":17,"column":32}},"type":"cond-expr","locations":[{"start":{"line":17,"column":26},"end":{"line":17,"column":28}},{"start":{"line":17,"column":19},"end":{"line":17,"column":32}}]},"3":{"loc":{"start":{"line":17,"column":19},"end":{"line":17,"column":28}},"type":"binary-expr","locations":[{"start":{"line":17,"column":19},"end":{"line":17,"column":28}},{"start":{"line":17,"column":19},"end":{"line":17,"column":28}}]},"4":{"loc":{"start":{"line":18,"column":22},"end":{"line":18,"column":38}},"type":"cond-expr","locations":[{"start":{"line":18,"column":29},"end":{"line":18,"column":31}},{"start":{"line":18,"column":22},"end":{"line":18,"column":38}}]},"5":{"loc":{"start":{"line":18,"column":22},"end":{"line":18,"column":31}},"type":"binary-expr","locations":[{"start":{"line":18,"column":22},"end":{"line":18,"column":31}},{"start":{"line":18,"column":22},"end":{"line":18,"column":31}}]},"6":{"loc":{"start":{"line":20,"column":6},"end":{"line":23,"column":7}},"type":"if","locations":[{"start":{"line":20,"column":6},"end":{"line":23,"column":7}}]},"7":{"loc":{"start":{"line":27,"column":6},"end":{"line":36,"column":7}},"type":"if","locations":[{"start":{"line":27,"column":6},"end":{"line":36,"column":7}}]},"8":{"loc":{"start":{"line":28,"column":25},"end":{"line":28,"column":87}},"type":"binary-expr","locations":[{"start":{"line":28,"column":25},"end":{"line":28,"column":64}},{"start":{"line":28,"column":68},"end":{"line":28,"column":87}}]},"9":{"loc":{"start":{"line":28,"column":25},"end":{"line":28,"column":64}},"type":"cond-expr","locations":[{"start":{"line":28,"column":29},"end":{"line":28,"column":31}},{"start":{"line":28,"column":25},"end":{"line":28,"column":64}}]},"10":{"loc":{"start":{"line":28,"column":25},"end":{"line":28,"column":31}},"type":"binary-expr","locations":[{"start":{"line":28,"column":25},"end":{"line":28,"column":31}},{"start":{"line":28,"column":25},"end":{"line":28,"column":31}}]}},"s":{"0":3,"1":3,"2":3,"3":3,"4":3,"5":0,"6":0,"7":0,"8":0,"9":0,"10":0,"11":0,"12":0,"13":0,"14":0,"15":0,"16":0,"17":0,"18":0,"19":0,"20":0,"21":0,"22":3},"f":{"0":0,"1":0},"b":{"0":[0,0],"1":[0,0],"2":[0,0],"3":[0,0],"4":[0,0],"5":[0,0],"6":[0],"7":[0],"8":[0,0],"9":[0,0],"10":[0,0]}}
,"/home/st111/ReadThis-back/src/controllers/post_controller.ts": {"path":"/home/st111/ReadThis-back/src/controllers/post_controller.ts","statementMap":{"0":{"start":{"line":1,"column":0},"end":{"line":1,"column":56}},"1":{"start":{"line":4,"column":0},"end":{"line":4,"column":47}},"2":{"start":{"line":5,"column":0},"end":{"line":5,"column":24}},"3":{"start":{"line":6,"column":0},"end":{"line":6,"column":20}},"4":{"start":{"line":7,"column":0},"end":{"line":7,"column":26}},"5":{"start":{"line":8,"column":0},"end":{"line":8,"column":26}},"6":{"start":{"line":23,"column":4},"end":{"line":23,"column":21}},"7":{"start":{"line":27,"column":4},"end":{"line":73,"column":5}},"8":{"start":{"line":28,"column":40},"end":{"line":28,"column":48}},"9":{"start":{"line":30,"column":6},"end":{"line":35,"column":7}},"10":{"start":{"line":31,"column":8},"end":{"line":33,"column":72}},"11":{"start":{"line":34,"column":8},"end":{"line":34,"column":15}},"12":{"start":{"line":37,"column":21},"end":{"line":37,"column":23}},"13":{"start":{"line":38,"column":22},"end":{"line":42,"column":8}},"14":{"start":{"line":44,"column":6},"end":{"line":44,"column":27}},"15":{"start":{"line":46,"column":6},"end":{"line":65,"column":7}},"16":{"start":{"line":47,"column":26},"end":{"line":47,"column":66}},"17":{"start":{"line":48,"column":8},"end":{"line":50,"column":9}},"18":{"start":{"line":49,"column":10},"end":{"line":49,"column":55}},"19":{"start":{"line":52,"column":26},"end":{"line":52,"column":48}},"20":{"start":{"line":53,"column":27},"end":{"line":53,"column":67}},"21":{"start":{"line":55,"column":8},"end":{"line":55,"column":49}},"22":{"start":{"line":56,"column":8},"end":{"line":56,"column":53}},"23":{"start":{"line":57,"column":8},"end":{"line":57,"column":36}},"24":{"start":{"line":58,"column":8},"end":{"line":58,"column":29}},"25":{"start":{"line":60,"column":8},"end":{"line":63,"column":10}},"26":{"start":{"line":64,"column":8},"end":{"line":64,"column":29}},"27":{"start":{"line":67,"column":6},"end":{"line":69,"column":72}},"28":{"start":{"line":71,"column":6},"end":{"line":71,"column":51}},"29":{"start":{"line":72,"column":6},"end":{"line":72,"column":66}},"30":{"start":{"line":77,"column":19},"end":{"line":77,"column":32}},"31":{"start":{"line":79,"column":4},"end":{"line":117,"column":5}},"32":{"start":{"line":80,"column":6},"end":{"line":83,"column":7}},"33":{"start":{"line":81,"column":8},"end":{"line":81,"column":58}},"34":{"start":{"line":82,"column":8},"end":{"line":82,"column":15}},"35":{"start":{"line":86,"column":19},"end":{"line":89,"column":8}},"36":{"start":{"line":91,"column":6},"end":{"line":94,"column":7}},"37":{"start":{"line":92,"column":8},"end":{"line":92,"column":76}},"38":{"start":{"line":93,"column":8},"end":{"line":93,"column":15}},"39":{"start":{"line":97,"column":6},"end":{"line":110,"column":7}},"40":{"start":{"line":98,"column":26},"end":{"line":98,"column":67}},"41":{"start":{"line":99,"column":8},"end":{"line":99,"column":53}},"42":{"start":{"line":100,"column":8},"end":{"line":109,"column":9}},"43":{"start":{"line":101,"column":10},"end":{"line":106,"column":11}},"44":{"start":{"line":102,"column":12},"end":{"line":102,"column":37}},"45":{"start":{"line":103,"column":12},"end":{"line":103,"column":56}},"46":{"start":{"line":105,"column":12},"end":{"line":105,"column":58}},"47":{"start":{"line":108,"column":10},"end":{"line":108,"column":58}},"48":{"start":{"line":113,"column":6},"end":{"line":113,"column":39}},"49":{"start":{"line":115,"column":6},"end":{"line":115,"column":49}},"50":{"start":{"line":116,"column":6},"end":{"line":116,"column":53}},"51":{"start":{"line":121,"column":4},"end":{"line":141,"column":5}},"52":{"start":{"line":122,"column":19},"end":{"line":122,"column":58}},"53":{"start":{"line":123,"column":20},"end":{"line":123,"column":60}},"54":{"start":{"line":124,"column":19},"end":{"line":124,"column":37}},"55":{"start":{"line":126,"column":20},"end":{"line":132,"column":52}},"56":{"start":{"line":134,"column":25},"end":{"line":134,"column":58}},"57":{"start":{"line":135,"column":25},"end":{"line":135,"column":54}},"58":{"start":{"line":137,"column":6},"end":{"line":137,"column":38}},"59":{"start":{"line":139,"column":6},"end":{"line":139,"column":56}},"60":{"start":{"line":140,"column":6},"end":{"line":140,"column":65}},"61":{"start":{"line":145,"column":4},"end":{"line":145,"column":77}},"62":{"start":{"line":149,"column":4},"end":{"line":149,"column":78}},"63":{"start":{"line":153,"column":19},"end":{"line":153,"column":32}},"64":{"start":{"line":155,"column":4},"end":{"line":197,"column":5}},"65":{"start":{"line":157,"column":6},"end":{"line":160,"column":7}},"66":{"start":{"line":158,"column":8},"end":{"line":158,"column":78}},"67":{"start":{"line":159,"column":8},"end":{"line":159,"column":15}},"68":{"start":{"line":162,"column":21},"end":{"line":162,"column":33}},"69":{"start":{"line":165,"column":28},"end":{"line":167,"column":32}},"70":{"start":{"line":168,"column":6},"end":{"line":171,"column":7}},"71":{"start":{"line":169,"column":8},"end":{"line":169,"column":60}},"72":{"start":{"line":170,"column":8},"end":{"line":170,"column":15}},"73":{"start":{"line":174,"column":6},"end":{"line":177,"column":7}},"74":{"start":{"line":174,"column":51},"end":{"line":174,"column":75}},"75":{"start":{"line":175,"column":8},"end":{"line":175,"column":74}},"76":{"start":{"line":176,"column":8},"end":{"line":176,"column":15}},"77":{"start":{"line":180,"column":6},"end":{"line":186,"column":7}},"78":{"start":{"line":181,"column":8},"end":{"line":181,"column":49}},"79":{"start":{"line":183,"column":8},"end":{"line":183,"column":52}},"80":{"start":{"line":184,"column":8},"end":{"line":184,"column":61}},"81":{"start":{"line":185,"column":8},"end":{"line":185,"column":15}},"82":{"start":{"line":189,"column":6},"end":{"line":189,"column":33}},"83":{"start":{"line":191,"column":6},"end":{"line":191,"column":42}},"84":{"start":{"line":193,"column":6},"end":{"line":193,"column":52}},"85":{"start":{"line":194,"column":6},"end":{"line":196,"column":9}},"86":{"start":{"line":201,"column":19},"end":{"line":201,"column":32}},"87":{"start":{"line":203,"column":4},"end":{"line":243,"column":5}},"88":{"start":{"line":205,"column":6},"end":{"line":208,"column":7}},"89":{"start":{"line":206,"column":8},"end":{"line":206,"column":78}},"90":{"start":{"line":207,"column":8},"end":{"line":207,"column":15}},"91":{"start":{"line":210,"column":21},"end":{"line":210,"column":33}},"92":{"start":{"line":213,"column":19},"end":{"line":213,"column":75}},"93":{"start":{"line":214,"column":6},"end":{"line":217,"column":7}},"94":{"start":{"line":215,"column":8},"end":{"line":215,"column":60}},"95":{"start":{"line":216,"column":8},"end":{"line":216,"column":15}},"96":{"start":{"line":220,"column":27},"end":{"line":221,"column":null}},"97":{"start":{"line":221,"column":16},"end":{"line":221,"column":40}},"98":{"start":{"line":223,"column":6},"end":{"line":226,"column":7}},"99":{"start":{"line":224,"column":8},"end":{"line":224,"column":74}},"100":{"start":{"line":225,"column":8},"end":{"line":225,"column":15}},"101":{"start":{"line":229,"column":6},"end":{"line":231,"column":8}},"102":{"start":{"line":230,"column":16},"end":{"line":230,"column":40}},"103":{"start":{"line":234,"column":6},"end":{"line":234,"column":24}},"104":{"start":{"line":236,"column":6},"end":{"line":236,"column":33}},"105":{"start":{"line":238,"column":6},"end":{"line":238,"column":56}},"106":{"start":{"line":239,"column":6},"end":{"line":242,"column":9}},"107":{"start":{"line":247,"column":4},"end":{"line":281,"column":5}},"108":{"start":{"line":248,"column":6},"end":{"line":251,"column":7}},"109":{"start":{"line":249,"column":8},"end":{"line":249,"column":70}},"110":{"start":{"line":250,"column":8},"end":{"line":250,"column":15}},"111":{"start":{"line":253,"column":21},"end":{"line":253,"column":34}},"112":{"start":{"line":254,"column":22},"end":{"line":254,"column":65}},"113":{"start":{"line":257,"column":26},"end":{"line":263,"column":52}},"114":{"start":{"line":265,"column":6},"end":{"line":268,"column":7}},"115":{"start":{"line":266,"column":8},"end":{"line":266,"column":60}},"116":{"start":{"line":267,"column":8},"end":{"line":267,"column":15}},"117":{"start":{"line":271,"column":8},"end":{"line":271,"column":71}},"118":{"start":{"line":273,"column":6},"end":{"line":276,"column":7}},"119":{"start":{"line":274,"column":8},"end":{"line":274,"column":77}},"120":{"start":{"line":275,"column":8},"end":{"line":275,"column":15}},"121":{"start":{"line":277,"column":6},"end":{"line":277,"column":39}},"122":{"start":{"line":279,"column":6},"end":{"line":279,"column":52}},"123":{"start":{"line":280,"column":6},"end":{"line":280,"column":66}},"124":{"start":{"line":285,"column":4},"end":{"line":294,"column":5}},"125":{"start":{"line":286,"column":6},"end":{"line":289,"column":7}},"126":{"start":{"line":287,"column":8},"end":{"line":287,"column":58}},"127":{"start":{"line":288,"column":8},"end":{"line":288,"column":15}},"128":{"start":{"line":290,"column":20},"end":{"line":290,"column":65}},"129":{"start":{"line":291,"column":6},"end":{"line":291,"column":34}},"130":{"start":{"line":293,"column":6},"end":{"line":293,"column":53}},"131":{"start":{"line":298,"column":4},"end":{"line":298,"column":26}},"132":{"start":{"line":299,"column":19},"end":{"line":299,"column":32}},"133":{"start":{"line":301,"column":4},"end":{"line":355,"column":5}},"134":{"start":{"line":302,"column":6},"end":{"line":305,"column":7}},"135":{"start":{"line":303,"column":8},"end":{"line":303,"column":58}},"136":{"start":{"line":304,"column":8},"end":{"line":304,"column":15}},"137":{"start":{"line":307,"column":19},"end":{"line":313,"column":52}},"138":{"start":{"line":314,"column":6},"end":{"line":317,"column":7}},"139":{"start":{"line":315,"column":8},"end":{"line":315,"column":76}},"140":{"start":{"line":316,"column":8},"end":{"line":316,"column":15}},"141":{"start":{"line":319,"column":33},"end":{"line":319,"column":41}},"142":{"start":{"line":320,"column":6},"end":{"line":320,"column":36}},"143":{"start":{"line":320,"column":17},"end":{"line":320,"column":36}},"144":{"start":{"line":321,"column":6},"end":{"line":321,"column":42}},"145":{"start":{"line":321,"column":19},"end":{"line":321,"column":42}},"146":{"start":{"line":323,"column":6},"end":{"line":349,"column":7}},"147":{"start":{"line":324,"column":8},"end":{"line":337,"column":9}},"148":{"start":{"line":325,"column":31},"end":{"line":325,"column":72}},"149":{"start":{"line":326,"column":10},"end":{"line":326,"column":60}},"150":{"start":{"line":327,"column":10},"end":{"line":336,"column":11}},"151":{"start":{"line":328,"column":12},"end":{"line":333,"column":13}},"152":{"start":{"line":329,"column":14},"end":{"line":329,"column":42}},"153":{"start":{"line":330,"column":14},"end":{"line":330,"column":57}},"154":{"start":{"line":332,"column":14},"end":{"line":332,"column":62}},"155":{"start":{"line":335,"column":12},"end":{"line":335,"column":59}},"156":{"start":{"line":339,"column":26},"end":{"line":339,"column":66}},"157":{"start":{"line":340,"column":8},"end":{"line":342,"column":9}},"158":{"start":{"line":341,"column":10},"end":{"line":341,"column":55}},"159":{"start":{"line":344,"column":26},"end":{"line":344,"column":72}},"160":{"start":{"line":345,"column":27},"end":{"line":345,"column":67}},"161":{"start":{"line":347,"column":8},"end":{"line":347,"column":49}},"162":{"start":{"line":348,"column":8},"end":{"line":348,"column":58}},"163":{"start":{"line":351,"column":6},"end":{"line":351,"column":24}},"164":{"start":{"line":352,"column":6},"end":{"line":352,"column":33}},"165":{"start":{"line":354,"column":6},"end":{"line":354,"column":53}},"166":{"start":{"line":363,"column":16},"end":{"line":363,"column":46}},"167":{"start":{"line":364,"column":23},"end":{"line":364,"column":79}},"168":{"start":{"line":365,"column":25},"end":{"line":365,"column":77}},"169":{"start":{"line":367,"column":2},"end":{"line":383,"column":3}},"170":{"start":{"line":369,"column":27},"end":{"line":369,"column":56}},"171":{"start":{"line":370,"column":23},"end":{"line":370,"column":65}},"172":{"start":{"line":372,"column":4},"end":{"line":380,"column":5}},"173":{"start":{"line":373,"column":19},"end":{"line":373,"column":49}},"174":{"start":{"line":375,"column":8},"end":{"line":377,"column":24}},"175":{"start":{"line":379,"column":6},"end":{"line":379,"column":54}},"176":{"start":{"line":382,"column":4},"end":{"line":382,"column":73}},"177":{"start":{"line":385,"column":2},"end":{"line":399,"column":3}},"178":{"start":{"line":387,"column":32},"end":{"line":387,"column":63}},"179":{"start":{"line":388,"column":28},"end":{"line":388,"column":52}},"180":{"start":{"line":390,"column":4},"end":{"line":396,"column":5}},"181":{"start":{"line":391,"column":22},"end":{"line":391,"column":53}},"182":{"start":{"line":392,"column":6},"end":{"line":395,"column":7}},"183":{"start":{"line":393,"column":25},"end":{"line":393,"column":79}},"184":{"start":{"line":394,"column":8},"end":{"line":394,"column":56}},"185":{"start":{"line":398,"column":4},"end":{"line":398,"column":51}},"186":{"start":{"line":401,"column":2},"end":{"line":401,"column":57}},"187":{"start":{"line":402,"column":2},"end":{"line":402,"column":26}},"188":{"start":{"line":410,"column":2},"end":{"line":435,"column":3}},"189":{"start":{"line":411,"column":4},"end":{"line":413,"column":5}},"190":{"start":{"line":412,"column":6},"end":{"line":412,"column":56}},"191":{"start":{"line":415,"column":21},"end":{"line":415,"column":79}},"192":{"start":{"line":416,"column":22},"end":{"line":416,"column":62}},"193":{"start":{"line":418,"column":4},"end":{"line":420,"column":5}},"194":{"start":{"line":419,"column":6},"end":{"line":419,"column":51}},"195":{"start":{"line":422,"column":22},"end":{"line":422,"column":59}},"196":{"start":{"line":425,"column":4},"end":{"line":428,"column":25}},"197":{"start":{"line":430,"column":4},"end":{"line":430,"column":62}},"198":{"start":{"line":431,"column":4},"end":{"line":431,"column":42}},"199":{"start":{"line":433,"column":4},"end":{"line":433,"column":48}},"200":{"start":{"line":434,"column":4},"end":{"line":434,"column":28}},"201":{"start":{"line":439,"column":2},"end":{"line":439,"column":42}},"202":{"start":{"line":442,"column":0},"end":{"line":442,"column":37}}},"fnMap":{"0":{"name":"(anonymous_8)","decl":{"start":{"line":22,"column":2},"end":{"line":22,"column":null}},"loc":{"start":{"line":22,"column":2},"end":{"line":24,"column":3}}},"1":{"name":"(anonymous_9)","decl":{"start":{"line":26,"column":8},"end":{"line":26,"column":14}},"loc":{"start":{"line":26,"column":42},"end":{"line":74,"column":null}}},"2":{"name":"(anonymous_11)","decl":{"start":{"line":76,"column":8},"end":{"line":76,"column":18}},"loc":{"start":{"line":76,"column":50},"end":{"line":118,"column":null}}},"3":{"name":"(anonymous_14)","decl":{"start":{"line":120,"column":8},"end":{"line":120,"column":19}},"loc":{"start":{"line":120,"column":51},"end":{"line":142,"column":null}}},"4":{"name":"(anonymous_16)","decl":{"start":{"line":144,"column":8},"end":{"line":144,"column":14}},"loc":{"start":{"line":144,"column":46},"end":{"line":146,"column":null}}},"5":{"name":"(anonymous_19)","decl":{"start":{"line":148,"column":8},"end":{"line":148,"column":15}},"loc":{"start":{"line":148,"column":47},"end":{"line":150,"column":null}}},"6":{"name":"(anonymous_22)","decl":{"start":{"line":152,"column":8},"end":{"line":152,"column":12}},"loc":{"start":{"line":152,"column":44},"end":{"line":198,"column":null}}},"7":{"name":"(anonymous_24)","decl":{"start":{"line":174,"column":43},"end":{"line":174,"column":44}},"loc":{"start":{"line":174,"column":51},"end":{"line":174,"column":75}}},"8":{"name":"(anonymous_25)","decl":{"start":{"line":200,"column":8},"end":{"line":200,"column":14}},"loc":{"start":{"line":200,"column":46},"end":{"line":244,"column":null}}},"9":{"name":"(anonymous_27)","decl":{"start":{"line":221,"column":8},"end":{"line":221,"column":9}},"loc":{"start":{"line":221,"column":16},"end":{"line":221,"column":40}}},"10":{"name":"(anonymous_28)","decl":{"start":{"line":230,"column":8},"end":{"line":230,"column":9}},"loc":{"start":{"line":230,"column":16},"end":{"line":230,"column":40}}},"11":{"name":"(anonymous_29)","decl":{"start":{"line":246,"column":8},"end":{"line":246,"column":18}},"loc":{"start":{"line":246,"column":50},"end":{"line":282,"column":null}}},"12":{"name":"(anonymous_31)","decl":{"start":{"line":284,"column":8},"end":{"line":284,"column":18}},"loc":{"start":{"line":284,"column":50},"end":{"line":295,"column":null}}},"13":{"name":"(anonymous_33)","decl":{"start":{"line":297,"column":8},"end":{"line":297,"column":18}},"loc":{"start":{"line":297,"column":50},"end":{"line":356,"column":null}}},"14":{"name":"fetchBookCoverFromGoogleBooks","decl":{"start":{"line":359,"column":15},"end":{"line":359,"column":44}},"loc":{"start":{"line":361,"column":16},"end":{"line":403,"column":null}}},"15":{"name":"saveImageFromUrl","decl":{"start":{"line":406,"column":15},"end":{"line":406,"column":31}},"loc":{"start":{"line":408,"column":16},"end":{"line":436,"column":null}}},"16":{"name":"getRandomImage","decl":{"start":{"line":438,"column":9},"end":{"line":438,"column":23}},"loc":{"start":{"line":438,"column":23},"end":{"line":440,"column":1}}}},"branchMap":{"0":{"loc":{"start":{"line":30,"column":6},"end":{"line":35,"column":7}},"type":"if","locations":[{"start":{"line":30,"column":6},"end":{"line":35,"column":7}}]},"1":{"loc":{"start":{"line":30,"column":10},"end":{"line":30,"column":38}},"type":"binary-expr","locations":[{"start":{"line":30,"column":10},"end":{"line":30,"column":16}},{"start":{"line":30,"column":20},"end":{"line":30,"column":28}},{"start":{"line":30,"column":32},"end":{"line":30,"column":38}}]},"2":{"loc":{"start":{"line":46,"column":6},"end":{"line":65,"column":7}},"type":"if","locations":[{"start":{"line":46,"column":6},"end":{"line":65,"column":7}},{"start":{"line":59,"column":13},"end":{"line":65,"column":7}}]},"3":{"loc":{"start":{"line":48,"column":8},"end":{"line":50,"column":9}},"type":"if","locations":[{"start":{"line":48,"column":8},"end":{"line":50,"column":9}}]},"4":{"loc":{"start":{"line":80,"column":6},"end":{"line":83,"column":7}},"type":"if","locations":[{"start":{"line":80,"column":6},"end":{"line":83,"column":7}}]},"5":{"loc":{"start":{"line":91,"column":6},"end":{"line":94,"column":7}},"type":"if","locations":[{"start":{"line":91,"column":6},"end":{"line":94,"column":7}}]},"6":{"loc":{"start":{"line":97,"column":6},"end":{"line":110,"column":7}},"type":"if","locations":[{"start":{"line":97,"column":6},"end":{"line":110,"column":7}}]},"7":{"loc":{"start":{"line":101,"column":10},"end":{"line":106,"column":11}},"type":"if","locations":[{"start":{"line":101,"column":10},"end":{"line":106,"column":11}},{"start":{"line":104,"column":17},"end":{"line":106,"column":11}}]},"8":{"loc":{"start":{"line":122,"column":19},"end":{"line":122,"column":58}},"type":"binary-expr","locations":[{"start":{"line":122,"column":19},"end":{"line":122,"column":53}},{"start":{"line":122,"column":57},"end":{"line":122,"column":58}}]},"9":{"loc":{"start":{"line":123,"column":20},"end":{"line":123,"column":60}},"type":"binary-expr","locations":[{"start":{"line":123,"column":20},"end":{"line":123,"column":55}},{"start":{"line":123,"column":59},"end":{"line":123,"column":60}}]},"10":{"loc":{"start":{"line":157,"column":6},"end":{"line":160,"column":7}},"type":"if","locations":[{"start":{"line":157,"column":6},"end":{"line":160,"column":7}}]},"11":{"loc":{"start":{"line":168,"column":6},"end":{"line":171,"column":7}},"type":"if","locations":[{"start":{"line":168,"column":6},"end":{"line":171,"column":7}}]},"12":{"loc":{"start":{"line":174,"column":6},"end":{"line":177,"column":7}},"type":"if","locations":[{"start":{"line":174,"column":6},"end":{"line":177,"column":7}}]},"13":{"loc":{"start":{"line":180,"column":6},"end":{"line":186,"column":7}},"type":"if","locations":[{"start":{"line":180,"column":6},"end":{"line":186,"column":7}},{"start":{"line":182,"column":13},"end":{"line":186,"column":7}}]},"14":{"loc":{"start":{"line":195,"column":17},"end":{"line":195,"column":73}},"type":"binary-expr","locations":[{"start":{"line":195,"column":17},"end":{"line":195,"column":28}},{"start":{"line":195,"column":32},"end":{"line":195,"column":73}}]},"15":{"loc":{"start":{"line":205,"column":6},"end":{"line":208,"column":7}},"type":"if","locations":[{"start":{"line":205,"column":6},"end":{"line":208,"column":7}}]},"16":{"loc":{"start":{"line":214,"column":6},"end":{"line":217,"column":7}},"type":"if","locations":[{"start":{"line":214,"column":6},"end":{"line":217,"column":7}}]},"17":{"loc":{"start":{"line":223,"column":6},"end":{"line":226,"column":7}},"type":"if","locations":[{"start":{"line":223,"column":6},"end":{"line":226,"column":7}}]},"18":{"loc":{"start":{"line":248,"column":6},"end":{"line":251,"column":7}},"type":"if","locations":[{"start":{"line":248,"column":6},"end":{"line":251,"column":7}}]},"19":{"loc":{"start":{"line":248,"column":10},"end":{"line":248,"column":37}},"type":"binary-expr","locations":[{"start":{"line":248,"column":10},"end":{"line":248,"column":24}},{"start":{"line":248,"column":28},"end":{"line":248,"column":37}}]},"20":{"loc":{"start":{"line":265,"column":6},"end":{"line":268,"column":7}},"type":"if","locations":[{"start":{"line":265,"column":6},"end":{"line":268,"column":7}}]},"21":{"loc":{"start":{"line":271,"column":8},"end":{"line":271,"column":71}},"type":"cond-expr","locations":[{"start":{"line":271,"column":63},"end":{"line":271,"column":67}},{"start":{"line":271,"column":67},"end":{"line":271,"column":71}}]},"22":{"loc":{"start":{"line":271,"column":8},"end":{"line":271,"column":67}},"type":"binary-expr","locations":[{"start":{"line":271,"column":8},"end":{"line":271,"column":67}},{"start":{"line":271,"column":63},"end":{"line":271,"column":67}}]},"23":{"loc":{"start":{"line":271,"column":8},"end":{"line":271,"column":63}},"type":"cond-expr","locations":[{"start":{"line":271,"column":28},"end":{"line":271,"column":31}},{"start":{"line":271,"column":28},"end":{"line":271,"column":63}}]},"24":{"loc":{"start":{"line":271,"column":8},"end":{"line":271,"column":31}},"type":"binary-expr","locations":[{"start":{"line":271,"column":8},"end":{"line":271,"column":31}},{"start":{"line":271,"column":28},"end":{"line":271,"column":31}}]},"25":{"loc":{"start":{"line":273,"column":6},"end":{"line":276,"column":7}},"type":"if","locations":[{"start":{"line":273,"column":6},"end":{"line":276,"column":7}}]},"26":{"loc":{"start":{"line":286,"column":6},"end":{"line":289,"column":7}},"type":"if","locations":[{"start":{"line":286,"column":6},"end":{"line":289,"column":7}}]},"27":{"loc":{"start":{"line":302,"column":6},"end":{"line":305,"column":7}},"type":"if","locations":[{"start":{"line":302,"column":6},"end":{"line":305,"column":7}}]},"28":{"loc":{"start":{"line":314,"column":6},"end":{"line":317,"column":7}},"type":"if","locations":[{"start":{"line":314,"column":6},"end":{"line":317,"column":7}}]},"29":{"loc":{"start":{"line":320,"column":6},"end":{"line":320,"column":36}},"type":"if","locations":[{"start":{"line":320,"column":6},"end":{"line":320,"column":36}}]},"30":{"loc":{"start":{"line":321,"column":6},"end":{"line":321,"column":42}},"type":"if","locations":[{"start":{"line":321,"column":6},"end":{"line":321,"column":42}}]},"31":{"loc":{"start":{"line":323,"column":6},"end":{"line":349,"column":7}},"type":"if","locations":[{"start":{"line":323,"column":6},"end":{"line":349,"column":7}}]},"32":{"loc":{"start":{"line":324,"column":8},"end":{"line":337,"column":9}},"type":"if","locations":[{"start":{"line":324,"column":8},"end":{"line":337,"column":9}}]},"33":{"loc":{"start":{"line":328,"column":12},"end":{"line":333,"column":13}},"type":"if","locations":[{"start":{"line":328,"column":12},"end":{"line":333,"column":13}},{"start":{"line":331,"column":19},"end":{"line":333,"column":13}}]},"34":{"loc":{"start":{"line":340,"column":8},"end":{"line":342,"column":9}},"type":"if","locations":[{"start":{"line":340,"column":8},"end":{"line":342,"column":9}}]},"35":{"loc":{"start":{"line":372,"column":4},"end":{"line":380,"column":5}},"type":"if","locations":[{"start":{"line":372,"column":4},"end":{"line":380,"column":5}}]},"36":{"loc":{"start":{"line":372,"column":8},"end":{"line":372,"column":55}},"type":"binary-expr","locations":[{"start":{"line":372,"column":8},"end":{"line":372,"column":24}},{"start":{"line":372,"column":28},"end":{"line":372,"column":55}}]},"37":{"loc":{"start":{"line":375,"column":8},"end":{"line":377,"column":24}},"type":"binary-expr","locations":[{"start":{"line":375,"column":8},"end":{"line":375,"column":34}},{"start":{"line":376,"column":8},"end":{"line":376,"column":39}},{"start":{"line":377,"column":8},"end":{"line":377,"column":24}}]},"38":{"loc":{"start":{"line":375,"column":8},"end":{"line":375,"column":34}},"type":"cond-expr","locations":[{"start":{"line":375,"column":23},"end":{"line":375,"column":25}},{"start":{"line":375,"column":23},"end":{"line":375,"column":34}}]},"39":{"loc":{"start":{"line":375,"column":8},"end":{"line":375,"column":25}},"type":"binary-expr","locations":[{"start":{"line":375,"column":8},"end":{"line":375,"column":25}},{"start":{"line":375,"column":23},"end":{"line":375,"column":25}}]},"40":{"loc":{"start":{"line":376,"column":8},"end":{"line":376,"column":39}},"type":"cond-expr","locations":[{"start":{"line":376,"column":23},"end":{"line":376,"column":25}},{"start":{"line":376,"column":23},"end":{"line":376,"column":39}}]},"41":{"loc":{"start":{"line":376,"column":8},"end":{"line":376,"column":25}},"type":"binary-expr","locations":[{"start":{"line":376,"column":8},"end":{"line":376,"column":25}},{"start":{"line":376,"column":23},"end":{"line":376,"column":25}}]},"42":{"loc":{"start":{"line":390,"column":4},"end":{"line":396,"column":5}},"type":"if","locations":[{"start":{"line":390,"column":4},"end":{"line":396,"column":5}}]},"43":{"loc":{"start":{"line":390,"column":8},"end":{"line":390,"column":63}},"type":"binary-expr","locations":[{"start":{"line":390,"column":8},"end":{"line":390,"column":28}},{"start":{"line":390,"column":32},"end":{"line":390,"column":63}}]},"44":{"loc":{"start":{"line":392,"column":6},"end":{"line":395,"column":7}},"type":"if","locations":[{"start":{"line":392,"column":6},"end":{"line":395,"column":7}}]},"45":{"loc":{"start":{"line":411,"column":4},"end":{"line":413,"column":5}},"type":"if","locations":[{"start":{"line":411,"column":4},"end":{"line":413,"column":5}}]},"46":{"loc":{"start":{"line":418,"column":4},"end":{"line":420,"column":5}},"type":"if","locations":[{"start":{"line":418,"column":4},"end":{"line":420,"column":5}}]}},"s":{"0":3,"1":3,"2":3,"3":3,"4":3,"5":3,"6":3,"7":1,"8":1,"9":1,"10":0,"11":0,"12":1,"13":1,"14":1,"15":1,"16":1,"17":1,"18":0,"19":1,"20":1,"21":1,"22":1,"23":1,"24":1,"25":0,"26":0,"27":1,"28":0,"29":0,"30":2,"31":2,"32":2,"33":0,"34":0,"35":2,"36":2,"37":1,"38":1,"39":1,"40":1,"41":1,"42":1,"43":1,"44":1,"45":1,"46":0,"47":0,"48":1,"49":0,"50":0,"51":0,"52":0,"53":0,"54":0,"55":0,"56":0,"57":0,"58":0,"59":0,"60":0,"61":2,"62":9,"63":2,"64":2,"65":2,"66":0,"67":0,"68":2,"69":2,"70":2,"71":0,"72":0,"73":2,"74":1,"75":1,"76":1,"77":1,"78":1,"79":0,"80":0,"81":0,"82":1,"83":1,"84":0,"85":0,"86":2,"87":2,"88":2,"89":0,"90":0,"91":2,"92":2,"93":2,"94":0,"95":0,"96":2,"97":1,"98":2,"99":1,"100":1,"101":1,"102":1,"103":1,"104":1,"105":0,"106":0,"107":1,"108":1,"109":0,"110":0,"111":1,"112":1,"113":1,"114":1,"115":0,"116":0,"117":1,"118":1,"119":0,"120":0,"121":1,"122":0,"123":0,"124":2,"125":2,"126":0,"127":0,"128":2,"129":2,"130":0,"131":1,"132":1,"133":1,"134":1,"135":0,"136":0,"137":1,"138":1,"139":0,"140":0,"141":1,"142":1,"143":0,"144":1,"145":1,"146":1,"147":0,"148":0,"149":0,"150":0,"151":0,"152":0,"153":0,"154":0,"155":0,"156":0,"157":0,"158":0,"159":0,"160":0,"161":0,"162":0,"163":1,"164":1,"165":0,"166":0,"167":0,"168":0,"169":0,"170":0,"171":0,"172":0,"173":0,"174":0,"175":0,"176":0,"177":0,"178":0,"179":0,"180":0,"181":0,"182":0,"183":0,"184":0,"185":0,"186":0,"187":0,"188":0,"189":0,"190":0,"191":0,"192":0,"193":0,"194":0,"195":0,"196":0,"197":0,"198":0,"199":0,"200":0,"201":0,"202":3},"f":{"0":3,"1":1,"2":2,"3":0,"4":2,"5":9,"6":2,"7":1,"8":2,"9":1,"10":1,"11":1,"12":2,"13":1,"14":0,"15":0,"16":0},"b":{"0":[0],"1":[1,1,1],"2":[1,0],"3":[0],"4":[0],"5":[1],"6":[1],"7":[1,0],"8":[0,0],"9":[0,0],"10":[0],"11":[0],"12":[1],"13":[1,0],"14":[0,0],"15":[0],"16":[0],"17":[1],"18":[0],"19":[1,1],"20":[0],"21":[1,0],"22":[1,1],"23":[0,1],"24":[1,1],"25":[0],"26":[0],"27":[0],"28":[0],"29":[0],"30":[1],"31":[0],"32":[0],"33":[0,0],"34":[0],"35":[0],"36":[0,0],"37":[0,0,0],"38":[0,0],"39":[0,0],"40":[0,0],"41":[0,0],"42":[0],"43":[0,0],"44":[0],"45":[0],"46":[0]}}
,"/home/st111/ReadThis-back/src/controllers/users_controller.ts": {"path":"/home/st111/ReadThis-back/src/controllers/users_controller.ts","statementMap":{"0":{"start":{"line":3,"column":0},"end":{"line":3,"column":57}},"1":{"start":{"line":4,"column":0},"end":{"line":4,"column":28}},"2":{"start":{"line":5,"column":0},"end":{"line":5,"column":31}},"3":{"start":{"line":6,"column":0},"end":{"line":6,"column":24}},"4":{"start":{"line":7,"column":0},"end":{"line":7,"column":20}},"5":{"start":{"line":9,"column":17},"end":{"line":69,"column":2}},"6":{"start":{"line":9,"column":73},"end":{"line":69,"column":2}},"7":{"start":{"line":10,"column":2},"end":{"line":68,"column":3}},"8":{"start":{"line":11,"column":42},"end":{"line":11,"column":50}},"9":{"start":{"line":13,"column":4},"end":{"line":16,"column":5}},"10":{"start":{"line":14,"column":6},"end":{"line":14,"column":95}},"11":{"start":{"line":15,"column":6},"end":{"line":15,"column":13}},"12":{"start":{"line":17,"column":23},"end":{"line":17,"column":51}},"13":{"start":{"line":19,"column":4},"end":{"line":22,"column":5}},"14":{"start":{"line":20,"column":6},"end":{"line":20,"column":65}},"15":{"start":{"line":21,"column":6},"end":{"line":21,"column":13}},"16":{"start":{"line":24,"column":25},"end":{"line":26,"column":6}},"17":{"start":{"line":28,"column":4},"end":{"line":31,"column":5}},"18":{"start":{"line":29,"column":6},"end":{"line":29,"column":70}},"19":{"start":{"line":30,"column":6},"end":{"line":30,"column":13}},"20":{"start":{"line":33,"column":4},"end":{"line":38,"column":5}},"21":{"start":{"line":34,"column":8},"end":{"line":36,"column":9}},"22":{"start":{"line":37,"column":6},"end":{"line":37,"column":13}},"23":{"start":{"line":41,"column":17},"end":{"line":41,"column":41}},"24":{"start":{"line":42,"column":27},"end":{"line":42,"column":60}},"25":{"start":{"line":45,"column":17},"end":{"line":50,"column":6}},"26":{"start":{"line":52,"column":22},"end":{"line":52,"column":64}},"27":{"start":{"line":53,"column":4},"end":{"line":55,"column":5}},"28":{"start":{"line":54,"column":6},"end":{"line":54,"column":51}},"29":{"start":{"line":58,"column":23},"end":{"line":58,"column":62}},"30":{"start":{"line":59,"column":4},"end":{"line":59,"column":45}},"31":{"start":{"line":62,"column":4},"end":{"line":62,"column":55}},"32":{"start":{"line":63,"column":4},"end":{"line":63,"column":22}},"33":{"start":{"line":65,"column":4},"end":{"line":65,"column":31}},"34":{"start":{"line":67,"column":4},"end":{"line":67,"column":30}},"35":{"start":{"line":76,"column":22},"end":{"line":94,"column":1}},"36":{"start":{"line":77,"column":2},"end":{"line":79,"column":3}},"37":{"start":{"line":78,"column":4},"end":{"line":78,"column":16}},"38":{"start":{"line":80,"column":17},"end":{"line":80,"column":41}},"39":{"start":{"line":81,"column":22},"end":{"line":84,"column":null}},"40":{"start":{"line":87,"column":23},"end":{"line":90,"column":null}},"41":{"start":{"line":93,"column":2},"end":{"line":93,"column":39}},"42":{"start":{"line":96,"column":14},"end":{"line":133,"column":2}},"43":{"start":{"line":96,"column":56},"end":{"line":133,"column":2}},"44":{"start":{"line":97,"column":2},"end":{"line":132,"column":3}},"45":{"start":{"line":98,"column":35},"end":{"line":98,"column":43}},"46":{"start":{"line":101,"column":17},"end":{"line":101,"column":54}},"47":{"start":{"line":102,"column":4},"end":{"line":105,"column":5}},"48":{"start":{"line":103,"column":6},"end":{"line":103,"column":45}},"49":{"start":{"line":104,"column":6},"end":{"line":104,"column":13}},"50":{"start":{"line":108,"column":26},"end":{"line":108,"column":71}},"51":{"start":{"line":109,"column":4},"end":{"line":112,"column":5}},"52":{"start":{"line":110,"column":6},"end":{"line":110,"column":57}},"53":{"start":{"line":111,"column":6},"end":{"line":111,"column":13}},"54":{"start":{"line":115,"column":19},"end":{"line":115,"column":43}},"55":{"start":{"line":116,"column":4},"end":{"line":119,"column":5}},"56":{"start":{"line":117,"column":6},"end":{"line":117,"column":43}},"57":{"start":{"line":118,"column":6},"end":{"line":118,"column":13}},"58":{"start":{"line":122,"column":4},"end":{"line":122,"column":76}},"59":{"start":{"line":123,"column":4},"end":{"line":123,"column":22}},"60":{"start":{"line":125,"column":4},"end":{"line":129,"column":7}},"61":{"start":{"line":131,"column":4},"end":{"line":131,"column":30}},"62":{"start":{"line":135,"column":15},"end":{"line":154,"column":2}},"63":{"start":{"line":135,"column":57},"end":{"line":154,"column":2}},"64":{"start":{"line":136,"column":2},"end":{"line":153,"column":3}},"65":{"start":{"line":137,"column":25},"end":{"line":137,"column":46}},"66":{"start":{"line":138,"column":4},"end":{"line":141,"column":5}},"67":{"start":{"line":139,"column":6},"end":{"line":139,"column":56}},"68":{"start":{"line":140,"column":6},"end":{"line":140,"column":13}},"69":{"start":{"line":144,"column":17},"end":{"line":144,"column":58}},"70":{"start":{"line":145,"column":4},"end":{"line":148,"column":5}},"71":{"start":{"line":146,"column":6},"end":{"line":146,"column":93}},"72":{"start":{"line":146,"column":63},"end":{"line":146,"column":85}},"73":{"start":{"line":147,"column":6},"end":{"line":147,"column":24}},"74":{"start":{"line":150,"column":4},"end":{"line":150,"column":36}},"75":{"start":{"line":152,"column":4},"end":{"line":152,"column":30}},"76":{"start":{"line":156,"column":16},"end":{"line":204,"column":2}},"77":{"start":{"line":156,"column":58},"end":{"line":204,"column":2}},"78":{"start":{"line":157,"column":2},"end":{"line":203,"column":3}},"79":{"start":{"line":158,"column":25},"end":{"line":158,"column":46}},"80":{"start":{"line":159,"column":4},"end":{"line":162,"column":5}},"81":{"start":{"line":160,"column":6},"end":{"line":160,"column":56}},"82":{"start":{"line":161,"column":6},"end":{"line":161,"column":13}},"83":{"start":{"line":164,"column":4},"end":{"line":167,"column":5}},"84":{"start":{"line":165,"column":6},"end":{"line":165,"column":43}},"85":{"start":{"line":166,"column":6},"end":{"line":166,"column":13}},"86":{"start":{"line":170,"column":4},"end":{"line":200,"column":7}},"87":{"start":{"line":170,"column":83},"end":{"line":200,"column":6}},"88":{"start":{"line":171,"column":6},"end":{"line":174,"column":7}},"89":{"start":{"line":172,"column":8},"end":{"line":172,"column":54}},"90":{"start":{"line":173,"column":8},"end":{"line":173,"column":15}},"91":{"start":{"line":176,"column":21},"end":{"line":176,"column":32}},"92":{"start":{"line":177,"column":19},"end":{"line":177,"column":51}},"93":{"start":{"line":178,"column":6},"end":{"line":181,"column":7}},"94":{"start":{"line":179,"column":8},"end":{"line":179,"column":54}},"95":{"start":{"line":180,"column":8},"end":{"line":180,"column":15}},"96":{"start":{"line":184,"column":21},"end":{"line":184,"column":45}},"97":{"start":{"line":185,"column":6},"end":{"line":188,"column":7}},"98":{"start":{"line":186,"column":8},"end":{"line":186,"column":45}},"99":{"start":{"line":187,"column":8},"end":{"line":187,"column":15}},"100":{"start":{"line":191,"column":6},"end":{"line":191,"column":86}},"101":{"start":{"line":191,"column":62},"end":{"line":191,"column":84}},"102":{"start":{"line":192,"column":6},"end":{"line":192,"column":50}},"103":{"start":{"line":193,"column":6},"end":{"line":193,"column":24}},"104":{"start":{"line":195,"column":6},"end":{"line":199,"column":9}},"105":{"start":{"line":202,"column":4},"end":{"line":202,"column":30}},"106":{"start":{"line":206,"column":21},"end":{"line":224,"column":2}},"107":{"start":{"line":206,"column":78},"end":{"line":224,"column":2}},"108":{"start":{"line":207,"column":2},"end":{"line":223,"column":3}},"109":{"start":{"line":208,"column":19},"end":{"line":208,"column":32}},"110":{"start":{"line":209,"column":4},"end":{"line":212,"column":5}},"111":{"start":{"line":210,"column":6},"end":{"line":210,"column":65}},"112":{"start":{"line":211,"column":6},"end":{"line":211,"column":13}},"113":{"start":{"line":214,"column":17},"end":{"line":214,"column":83}},"114":{"start":{"line":215,"column":4},"end":{"line":218,"column":5}},"115":{"start":{"line":216,"column":6},"end":{"line":216,"column":45}},"116":{"start":{"line":217,"column":6},"end":{"line":217,"column":13}},"117":{"start":{"line":220,"column":4},"end":{"line":220,"column":31}},"118":{"start":{"line":222,"column":4},"end":{"line":222,"column":61}},"119":{"start":{"line":226,"column":29},"end":{"line":251,"column":2}},"120":{"start":{"line":226,"column":86},"end":{"line":251,"column":2}},"121":{"start":{"line":227,"column":2},"end":{"line":250,"column":3}},"122":{"start":{"line":228,"column":19},"end":{"line":228,"column":32}},"123":{"start":{"line":229,"column":4},"end":{"line":232,"column":5}},"124":{"start":{"line":230,"column":6},"end":{"line":230,"column":43}},"125":{"start":{"line":231,"column":6},"end":{"line":231,"column":13}},"126":{"start":{"line":234,"column":28},"end":{"line":234,"column":59}},"127":{"start":{"line":236,"column":4},"end":{"line":244,"column":5}},"128":{"start":{"line":237,"column":24},"end":{"line":237,"column":66}},"129":{"start":{"line":238,"column":6},"end":{"line":240,"column":7}},"130":{"start":{"line":239,"column":8},"end":{"line":239,"column":53}},"131":{"start":{"line":241,"column":23},"end":{"line":241,"column":55}},"132":{"start":{"line":242,"column":6},"end":{"line":242,"column":74}},"133":{"start":{"line":243,"column":6},"end":{"line":243,"column":37}},"134":{"start":{"line":246,"column":17},"end":{"line":246,"column":85}},"135":{"start":{"line":247,"column":4},"end":{"line":247,"column":31}},"136":{"start":{"line":249,"column":4},"end":{"line":249,"column":30}},"137":{"start":{"line":226,"column":13},"end":{"line":226,"column":29}},"138":{"start":{"line":254,"column":0},"end":{"line":262,"column":2}}},"fnMap":{"0":{"name":"(anonymous_8)","decl":{"start":{"line":9,"column":17},"end":{"line":9,"column":24}},"loc":{"start":{"line":9,"column":73},"end":{"line":69,"column":2}}},"1":{"name":"(anonymous_9)","decl":{"start":{"line":9,"column":73},"end":{"line":9,"column":null}},"loc":{"start":{"line":9,"column":73},"end":{"line":69,"column":1}}},"2":{"name":"(anonymous_10)","decl":{"start":{"line":76,"column":22},"end":{"line":76,"column":23}},"loc":{"start":{"line":76,"column":57},"end":{"line":94,"column":1}}},"3":{"name":"(anonymous_11)","decl":{"start":{"line":96,"column":14},"end":{"line":96,"column":21}},"loc":{"start":{"line":96,"column":56},"end":{"line":133,"column":2}}},"4":{"name":"(anonymous_12)","decl":{"start":{"line":96,"column":56},"end":{"line":96,"column":null}},"loc":{"start":{"line":96,"column":56},"end":{"line":133,"column":1}}},"5":{"name":"(anonymous_13)","decl":{"start":{"line":135,"column":15},"end":{"line":135,"column":22}},"loc":{"start":{"line":135,"column":57},"end":{"line":154,"column":2}}},"6":{"name":"(anonymous_14)","decl":{"start":{"line":135,"column":57},"end":{"line":135,"column":null}},"loc":{"start":{"line":135,"column":57},"end":{"line":154,"column":1}}},"7":{"name":"(anonymous_15)","decl":{"start":{"line":146,"column":52},"end":{"line":146,"column":53}},"loc":{"start":{"line":146,"column":63},"end":{"line":146,"column":85}}},"8":{"name":"(anonymous_16)","decl":{"start":{"line":156,"column":16},"end":{"line":156,"column":23}},"loc":{"start":{"line":156,"column":58},"end":{"line":204,"column":2}}},"9":{"name":"(anonymous_17)","decl":{"start":{"line":156,"column":58},"end":{"line":156,"column":null}},"loc":{"start":{"line":156,"column":58},"end":{"line":204,"column":1}}},"10":{"name":"(anonymous_18)","decl":{"start":{"line":170,"column":55},"end":{"line":170,"column":62}},"loc":{"start":{"line":170,"column":83},"end":{"line":200,"column":6}}},"11":{"name":"(anonymous_19)","decl":{"start":{"line":170,"column":83},"end":{"line":170,"column":null}},"loc":{"start":{"line":170,"column":83},"end":{"line":200,"column":5}}},"12":{"name":"(anonymous_20)","decl":{"start":{"line":191,"column":51},"end":{"line":191,"column":52}},"loc":{"start":{"line":191,"column":62},"end":{"line":191,"column":84}}},"13":{"name":"(anonymous_21)","decl":{"start":{"line":206,"column":21},"end":{"line":206,"column":28}},"loc":{"start":{"line":206,"column":78},"end":{"line":224,"column":2}}},"14":{"name":"(anonymous_22)","decl":{"start":{"line":206,"column":78},"end":{"line":206,"column":null}},"loc":{"start":{"line":206,"column":78},"end":{"line":224,"column":1}}},"15":{"name":"(anonymous_23)","decl":{"start":{"line":226,"column":29},"end":{"line":226,"column":36}},"loc":{"start":{"line":226,"column":86},"end":{"line":251,"column":2}}},"16":{"name":"(anonymous_24)","decl":{"start":{"line":226,"column":86},"end":{"line":226,"column":null}},"loc":{"start":{"line":226,"column":86},"end":{"line":251,"column":1}}}},"branchMap":{"0":{"loc":{"start":{"line":13,"column":4},"end":{"line":16,"column":5}},"type":"if","locations":[{"start":{"line":13,"column":4},"end":{"line":16,"column":5}}]},"1":{"loc":{"start":{"line":13,"column":8},"end":{"line":13,"column":40}},"type":"binary-expr","locations":[{"start":{"line":13,"column":8},"end":{"line":13,"column":14}},{"start":{"line":13,"column":18},"end":{"line":13,"column":27}},{"start":{"line":13,"column":31},"end":{"line":13,"column":40}}]},"2":{"loc":{"start":{"line":19,"column":4},"end":{"line":22,"column":5}},"type":"if","locations":[{"start":{"line":19,"column":4},"end":{"line":22,"column":5}}]},"3":{"loc":{"start":{"line":28,"column":4},"end":{"line":31,"column":5}},"type":"if","locations":[{"start":{"line":28,"column":4},"end":{"line":31,"column":5}}]},"4":{"loc":{"start":{"line":33,"column":4},"end":{"line":38,"column":5}},"type":"if","locations":[{"start":{"line":33,"column":4},"end":{"line":38,"column":5}}]},"5":{"loc":{"start":{"line":53,"column":4},"end":{"line":55,"column":5}},"type":"if","locations":[{"start":{"line":53,"column":4},"end":{"line":55,"column":5}}]},"6":{"loc":{"start":{"line":77,"column":2},"end":{"line":79,"column":3}},"type":"if","locations":[{"start":{"line":77,"column":2},"end":{"line":79,"column":3}}]},"7":{"loc":{"start":{"line":102,"column":4},"end":{"line":105,"column":5}},"type":"if","locations":[{"start":{"line":102,"column":4},"end":{"line":105,"column":5}}]},"8":{"loc":{"start":{"line":109,"column":4},"end":{"line":112,"column":5}},"type":"if","locations":[{"start":{"line":109,"column":4},"end":{"line":112,"column":5}}]},"9":{"loc":{"start":{"line":116,"column":4},"end":{"line":119,"column":5}},"type":"if","locations":[{"start":{"line":116,"column":4},"end":{"line":119,"column":5}}]},"10":{"loc":{"start":{"line":122,"column":29},"end":{"line":122,"column":52}},"type":"binary-expr","locations":[{"start":{"line":122,"column":29},"end":{"line":122,"column":46}},{"start":{"line":122,"column":50},"end":{"line":122,"column":52}}]},"11":{"loc":{"start":{"line":138,"column":4},"end":{"line":141,"column":5}},"type":"if","locations":[{"start":{"line":138,"column":4},"end":{"line":141,"column":5}}]},"12":{"loc":{"start":{"line":145,"column":4},"end":{"line":148,"column":5}},"type":"if","locations":[{"start":{"line":145,"column":4},"end":{"line":148,"column":5}}]},"13":{"loc":{"start":{"line":146,"column":26},"end":{"line":146,"column":92}},"type":"binary-expr","locations":[{"start":{"line":146,"column":26},"end":{"line":146,"column":86}},{"start":{"line":146,"column":90},"end":{"line":146,"column":92}}]},"14":{"loc":{"start":{"line":146,"column":26},"end":{"line":146,"column":86}},"type":"cond-expr","locations":[{"start":{"line":146,"column":43},"end":{"line":146,"column":45}},{"start":{"line":146,"column":43},"end":{"line":146,"column":86}}]},"15":{"loc":{"start":{"line":146,"column":26},"end":{"line":146,"column":45}},"type":"binary-expr","locations":[{"start":{"line":146,"column":26},"end":{"line":146,"column":45}},{"start":{"line":146,"column":43},"end":{"line":146,"column":45}}]},"16":{"loc":{"start":{"line":159,"column":4},"end":{"line":162,"column":5}},"type":"if","locations":[{"start":{"line":159,"column":4},"end":{"line":162,"column":5}}]},"17":{"loc":{"start":{"line":164,"column":4},"end":{"line":167,"column":5}},"type":"if","locations":[{"start":{"line":164,"column":4},"end":{"line":167,"column":5}}]},"18":{"loc":{"start":{"line":171,"column":6},"end":{"line":174,"column":7}},"type":"if","locations":[{"start":{"line":171,"column":6},"end":{"line":174,"column":7}}]},"19":{"loc":{"start":{"line":178,"column":6},"end":{"line":181,"column":7}},"type":"if","locations":[{"start":{"line":178,"column":6},"end":{"line":181,"column":7}}]},"20":{"loc":{"start":{"line":178,"column":10},"end":{"line":178,"column":63}},"type":"binary-expr","locations":[{"start":{"line":178,"column":10},"end":{"line":178,"column":15}},{"start":{"line":178,"column":19},"end":{"line":178,"column":63}}]},"21":{"loc":{"start":{"line":178,"column":20},"end":{"line":178,"column":61}},"type":"cond-expr","locations":[{"start":{"line":178,"column":37},"end":{"line":178,"column":39}},{"start":{"line":178,"column":37},"end":{"line":178,"column":61}}]},"22":{"loc":{"start":{"line":178,"column":20},"end":{"line":178,"column":39}},"type":"binary-expr","locations":[{"start":{"line":178,"column":20},"end":{"line":178,"column":39}},{"start":{"line":178,"column":37},"end":{"line":178,"column":39}}]},"23":{"loc":{"start":{"line":185,"column":6},"end":{"line":188,"column":7}},"type":"if","locations":[{"start":{"line":185,"column":6},"end":{"line":188,"column":7}}]},"24":{"loc":{"start":{"line":208,"column":19},"end":{"line":208,"column":32}},"type":"cond-expr","locations":[{"start":{"line":208,"column":27},"end":{"line":208,"column":29}},{"start":{"line":208,"column":27},"end":{"line":208,"column":32}}]},"25":{"loc":{"start":{"line":208,"column":19},"end":{"line":208,"column":29}},"type":"binary-expr","locations":[{"start":{"line":208,"column":19},"end":{"line":208,"column":29}},{"start":{"line":208,"column":27},"end":{"line":208,"column":29}}]},"26":{"loc":{"start":{"line":209,"column":4},"end":{"line":212,"column":5}},"type":"if","locations":[{"start":{"line":209,"column":4},"end":{"line":212,"column":5}}]},"27":{"loc":{"start":{"line":215,"column":4},"end":{"line":218,"column":5}},"type":"if","locations":[{"start":{"line":215,"column":4},"end":{"line":218,"column":5}}]},"28":{"loc":{"start":{"line":228,"column":19},"end":{"line":228,"column":32}},"type":"cond-expr","locations":[{"start":{"line":228,"column":27},"end":{"line":228,"column":29}},{"start":{"line":228,"column":27},"end":{"line":228,"column":32}}]},"29":{"loc":{"start":{"line":228,"column":19},"end":{"line":228,"column":29}},"type":"binary-expr","locations":[{"start":{"line":228,"column":19},"end":{"line":228,"column":29}},{"start":{"line":228,"column":27},"end":{"line":228,"column":29}}]},"30":{"loc":{"start":{"line":229,"column":4},"end":{"line":232,"column":5}},"type":"if","locations":[{"start":{"line":229,"column":4},"end":{"line":232,"column":5}}]},"31":{"loc":{"start":{"line":236,"column":4},"end":{"line":244,"column":5}},"type":"if","locations":[{"start":{"line":236,"column":4},"end":{"line":244,"column":5}}]},"32":{"loc":{"start":{"line":238,"column":6},"end":{"line":240,"column":7}},"type":"if","locations":[{"start":{"line":238,"column":6},"end":{"line":240,"column":7}}]}},"s":{"0":3,"1":3,"2":3,"3":3,"4":3,"5":3,"6":8,"7":8,"8":8,"9":8,"10":3,"11":3,"12":5,"13":5,"14":1,"15":1,"16":4,"17":4,"18":1,"19":1,"20":3,"21":1,"22":1,"23":2,"24":2,"25":2,"26":2,"27":2,"28":0,"29":2,"30":2,"31":2,"32":2,"33":2,"34":0,"35":3,"36":4,"37":0,"38":4,"39":4,"40":4,"41":4,"42":3,"43":5,"44":5,"45":5,"46":5,"47":5,"48":1,"49":1,"50":4,"51":4,"52":1,"53":1,"54":3,"55":3,"56":0,"57":0,"58":3,"59":3,"60":3,"61":0,"62":3,"63":3,"64":3,"65":3,"66":3,"67":1,"68":1,"69":2,"70":2,"71":1,"72":1,"73":1,"74":2,"75":0,"76":3,"77":4,"78":4,"79":4,"80":4,"81":1,"82":1,"83":3,"84":1,"85":1,"86":2,"87":2,"88":2,"89":1,"90":1,"91":1,"92":1,"93":1,"94":0,"95":0,"96":1,"97":1,"98":0,"99":0,"100":1,"101":1,"102":1,"103":1,"104":1,"105":0,"106":3,"107":1,"108":1,"109":1,"110":1,"111":0,"112":0,"113":1,"114":1,"115":0,"116":0,"117":1,"118":0,"119":3,"120":2,"121":2,"122":2,"123":2,"124":0,"125":0,"126":2,"127":2,"128":1,"129":1,"130":0,"131":1,"132":1,"133":1,"134":2,"135":2,"136":0,"137":3,"138":3},"f":{"0":8,"1":8,"2":4,"3":5,"4":5,"5":3,"6":3,"7":1,"8":4,"9":4,"10":2,"11":2,"12":1,"13":1,"14":1,"15":2,"16":2},"b":{"0":[3],"1":[8,7,6],"2":[1],"3":[1],"4":[1],"5":[0],"6":[0],"7":[1],"8":[1],"9":[0],"10":[3,0],"11":[1],"12":[1],"13":[1,0],"14":[0,1],"15":[1,1],"16":[1],"17":[1],"18":[1],"19":[0],"20":[1,1],"21":[0,1],"22":[1,1],"23":[0],"24":[0,1],"25":[1,1],"26":[0],"27":[0],"28":[0,2],"29":[2,2],"30":[0],"31":[1],"32":[0]}}
,"/home/st111/ReadThis-back/src/models/comments_model.ts": {"path":"/home/st111/ReadThis-back/src/models/comments_model.ts","statementMap":{"0":{"start":{"line":1,"column":0},"end":{"line":1,"column":32}},"1":{"start":{"line":9,"column":22},"end":{"line":22,"column":2}},"2":{"start":{"line":24,"column":22},"end":{"line":24,"column":73}},"3":{"start":{"line":26,"column":0},"end":{"line":26,"column":29}}},"fnMap":{},"branchMap":{},"s":{"0":3,"1":3,"2":3,"3":3},"f":{},"b":{}}
,"/home/st111/ReadThis-back/src/models/post_model.ts": {"path":"/home/st111/ReadThis-back/src/models/post_model.ts","statementMap":{"0":{"start":{"line":1,"column":0},"end":{"line":1,"column":50}},"1":{"start":{"line":14,"column":19},"end":{"line":47,"column":null}},"2":{"start":{"line":50,"column":18},"end":{"line":50,"column":60}},"3":{"start":{"line":52,"column":0},"end":{"line":52,"column":25}}},"fnMap":{},"branchMap":{},"s":{"0":3,"1":3,"2":3,"3":3},"f":{},"b":{}}
,"/home/st111/ReadThis-back/src/models/users_model.ts": {"path":"/home/st111/ReadThis-back/src/models/users_model.ts","statementMap":{"0":{"start":{"line":1,"column":0},"end":{"line":1,"column":32}},"1":{"start":{"line":12,"column":19},"end":{"line":35,"column":2}},"2":{"start":{"line":37,"column":18},"end":{"line":37,"column":59}},"3":{"start":{"line":39,"column":0},"end":{"line":39,"column":25}}},"fnMap":{},"branchMap":{},"s":{"0":3,"1":3,"2":3,"3":3},"f":{},"b":{}}
,"/home/st111/ReadThis-back/src/routes/books_route.ts": {"path":"/home/st111/ReadThis-back/src/routes/books_route.ts","statementMap":{"0":{"start":{"line":1,"column":0},"end":{"line":1,"column":30}},"1":{"start":{"line":2,"column":0},"end":{"line":2,"column":79}},"2":{"start":{"line":4,"column":15},"end":{"line":4,"column":31}},"3":{"start":{"line":46,"column":0},"end":{"line":46,"column":42}},"4":{"start":{"line":48,"column":0},"end":{"line":48,"column":22}}},"fnMap":{},"branchMap":{},"s":{"0":3,"1":3,"2":3,"3":3,"4":3},"f":{},"b":{}}
,"/home/st111/ReadThis-back/src/routes/comments_route.ts": {"path":"/home/st111/ReadThis-back/src/routes/comments_route.ts","statementMap":{"0":{"start":{"line":1,"column":0},"end":{"line":1,"column":30}},"1":{"start":{"line":2,"column":15},"end":{"line":2,"column":31}},"2":{"start":{"line":3,"column":0},"end":{"line":3,"column":68}},"3":{"start":{"line":6,"column":0},"end":{"line":6,"column":68}},"4":{"start":{"line":8,"column":0},"end":{"line":8,"column":72}},"5":{"start":{"line":10,"column":0},"end":{"line":10,"column":73}},"6":{"start":{"line":12,"column":0},"end":{"line":12,"column":78}},"7":{"start":{"line":14,"column":0},"end":{"line":14,"column":22}}},"fnMap":{},"branchMap":{},"s":{"0":3,"1":3,"2":3,"3":3,"4":3,"5":3,"6":3,"7":3},"f":{},"b":{}}
,"/home/st111/ReadThis-back/src/routes/post_route.ts": {"path":"/home/st111/ReadThis-back/src/routes/post_route.ts","statementMap":{"0":{"start":{"line":1,"column":0},"end":{"line":1,"column":30}},"1":{"start":{"line":2,"column":0},"end":{"line":2,"column":61}},"2":{"start":{"line":3,"column":0},"end":{"line":3,"column":55}},"3":{"start":{"line":4,"column":0},"end":{"line":4,"column":47}},"4":{"start":{"line":37,"column":15},"end":{"line":37,"column":31}},"5":{"start":{"line":59,"column":0},"end":{"line":59,"column":62}},"6":{"start":{"line":81,"column":0},"end":{"line":81,"column":72}},"7":{"start":{"line":94,"column":0},"end":{"line":94,"column":68}},"8":{"start":{"line":126,"column":0},"end":{"line":126,"column":66}},"9":{"start":{"line":157,"column":0},"end":{"line":157,"column":65}},"10":{"start":{"line":186,"column":0},"end":{"line":186,"column":87}},"11":{"start":{"line":216,"column":0},"end":{"line":216,"column":85}},"12":{"start":{"line":246,"column":0},"end":{"line":246,"column":87}},"13":{"start":{"line":276,"column":0},"end":{"line":276,"column":92}},"14":{"start":{"line":308,"column":0},"end":{"line":308,"column":84}},"15":{"start":{"line":310,"column":0},"end":{"line":310,"column":22}}},"fnMap":{},"branchMap":{},"s":{"0":3,"1":3,"2":3,"3":3,"4":3,"5":3,"6":3,"7":3,"8":3,"9":3,"10":3,"11":3,"12":3,"13":3,"14":3,"15":3},"f":{},"b":{}}
,"/home/st111/ReadThis-back/src/routes/users_route.ts": {"path":"/home/st111/ReadThis-back/src/routes/users_route.ts","statementMap":{"0":{"start":{"line":1,"column":0},"end":{"line":1,"column":30}},"1":{"start":{"line":2,"column":0},"end":{"line":2,"column":62}},"2":{"start":{"line":3,"column":0},"end":{"line":3,"column":47}},"3":{"start":{"line":4,"column":0},"end":{"line":4,"column":55}},"4":{"start":{"line":6,"column":0},"end":{"line":6,"column":62}},"5":{"start":{"line":51,"column":15},"end":{"line":51,"column":31}},"6":{"start":{"line":74,"column":0},"end":{"line":74,"column":75}},"7":{"start":{"line":114,"column":0},"end":{"line":114,"column":45}},"8":{"start":{"line":146,"column":0},"end":{"line":146,"column":47}},"9":{"start":{"line":188,"column":0},"end":{"line":188,"column":49}},"10":{"start":{"line":216,"column":0},"end":{"line":216,"column":64}},"11":{"start":{"line":245,"column":0},"end":{"line":245,"column":93}},"12":{"start":{"line":261,"column":0},"end":{"line":261,"column":40}},"13":{"start":{"line":263,"column":0},"end":{"line":263,"column":22}}},"fnMap":{},"branchMap":{},"s":{"0":3,"1":3,"2":3,"3":3,"4":3,"5":3,"6":3,"7":3,"8":3,"9":3,"10":3,"11":3,"12":3,"13":3},"f":{},"b":{}}
,"/home/st111/ReadThis-back/src/services/books_service.ts": {"path":"/home/st111/ReadThis-back/src/services/books_service.ts","statementMap":{"0":{"start":{"line":1,"column":0},"end":{"line":1,"column":26}},"1":{"start":{"line":2,"column":0},"end":{"line":2,"column":28}},"2":{"start":{"line":4,"column":0},"end":{"line":4,"column":16}},"3":{"start":{"line":6,"column":22},"end":{"line":6,"column":67}},"4":{"start":{"line":7,"column":22},"end":{"line":7,"column":48}},"5":{"start":{"line":9,"column":38},"end":{"line":46,"column":2}},"6":{"start":{"line":9,"column":85},"end":{"line":46,"column":2}},"7":{"start":{"line":10,"column":4},"end":{"line":45,"column":5}},"8":{"start":{"line":11,"column":8},"end":{"line":13,"column":9}},"9":{"start":{"line":12,"column":12},"end":{"line":12,"column":57}},"10":{"start":{"line":15,"column":25},"end":{"line":30,"column":null}},"11":{"start":{"line":34,"column":29},"end":{"line":34,"column":79}},"12":{"start":{"line":36,"column":8},"end":{"line":38,"column":9}},"13":{"start":{"line":37,"column":12},"end":{"line":37,"column":49}},"14":{"start":{"line":41,"column":8},"end":{"line":41,"column":75}},"15":{"start":{"line":41,"column":55},"end":{"line":41,"column":73}},"16":{"start":{"line":43,"column":8},"end":{"line":43,"column":71}},"17":{"start":{"line":44,"column":8},"end":{"line":44,"column":45}},"18":{"start":{"line":9,"column":13},"end":{"line":9,"column":38}}},"fnMap":{"0":{"name":"(anonymous_8)","decl":{"start":{"line":9,"column":38},"end":{"line":9,"column":45}},"loc":{"start":{"line":9,"column":85},"end":{"line":46,"column":2}}},"1":{"name":"(anonymous_9)","decl":{"start":{"line":9,"column":85},"end":{"line":9,"column":null}},"loc":{"start":{"line":9,"column":85},"end":{"line":46,"column":1}}},"2":{"name":"(anonymous_10)","decl":{"start":{"line":41,"column":47},"end":{"line":41,"column":51}},"loc":{"start":{"line":41,"column":55},"end":{"line":41,"column":73}}}},"branchMap":{"0":{"loc":{"start":{"line":11,"column":8},"end":{"line":13,"column":9}},"type":"if","locations":[{"start":{"line":11,"column":8},"end":{"line":13,"column":9}}]},"1":{"loc":{"start":{"line":34,"column":29},"end":{"line":34,"column":79}},"type":"cond-expr","locations":[{"start":{"line":34,"column":71},"end":{"line":34,"column":73}},{"start":{"line":34,"column":71},"end":{"line":34,"column":79}}]},"2":{"loc":{"start":{"line":34,"column":29},"end":{"line":34,"column":73}},"type":"binary-expr","locations":[{"start":{"line":34,"column":29},"end":{"line":34,"column":73}},{"start":{"line":34,"column":71},"end":{"line":34,"column":73}}]},"3":{"loc":{"start":{"line":34,"column":29},"end":{"line":34,"column":71}},"type":"cond-expr","locations":[{"start":{"line":34,"column":62},"end":{"line":34,"column":64}},{"start":{"line":34,"column":62},"end":{"line":34,"column":71}}]},"4":{"loc":{"start":{"line":34,"column":29},"end":{"line":34,"column":64}},"type":"binary-expr","locations":[{"start":{"line":34,"column":29},"end":{"line":34,"column":64}},{"start":{"line":34,"column":62},"end":{"line":34,"column":64}}]},"5":{"loc":{"start":{"line":34,"column":29},"end":{"line":34,"column":62}},"type":"cond-expr","locations":[{"start":{"line":34,"column":53},"end":{"line":34,"column":55}},{"start":{"line":34,"column":53},"end":{"line":34,"column":62}}]},"6":{"loc":{"start":{"line":34,"column":29},"end":{"line":34,"column":55}},"type":"binary-expr","locations":[{"start":{"line":34,"column":29},"end":{"line":34,"column":55}},{"start":{"line":34,"column":53},"end":{"line":34,"column":55}}]},"7":{"loc":{"start":{"line":36,"column":8},"end":{"line":38,"column":9}},"type":"if","locations":[{"start":{"line":36,"column":8},"end":{"line":38,"column":9}}]}},"s":{"0":4,"1":4,"2":4,"3":4,"4":4,"5":4,"6":0,"7":0,"8":0,"9":0,"10":0,"11":0,"12":0,"13":0,"14":0,"15":0,"16":0,"17":0,"18":4},"f":{"0":0,"1":0,"2":0},"b":{"0":[0],"1":[0,0],"2":[0,0],"3":[0,0],"4":[0,0],"5":[0,0],"6":[0,0],"7":[0]}}
}
