TN:
SF:src/server.ts
FN:51,(anonymous_1)
FN:61,(anonymous_2)
FN:62,(anonymous_3)
FN:64,(anonymous_4)
FN:65,(anonymous_5)
FN:72,(anonymous_6)
FN:76,(anonymous_7)
FNF:7
FNH:4
FNDA:0,(anonymous_1)
FNDA:0,(anonymous_2)
FNDA:3,(anonymous_3)
FNDA:3,(anonymous_4)
FNDA:3,(anonymous_5)
FNDA:3,(anonymous_6)
FNDA:0,(anonymous_7)
DA:1,3
DA:2,3
DA:3,3
DA:4,0
DA:5,0
DA:7,0
DA:9,3
DA:10,3
DA:12,3
DA:13,3
DA:14,3
DA:15,3
DA:17,3
DA:18,3
DA:20,3
DA:21,3
DA:25,3
DA:27,3
DA:36,3
DA:39,3
DA:40,3
DA:49,3
DA:50,3
DA:51,3
DA:53,3
DA:54,3
DA:55,3
DA:56,3
DA:57,3
DA:60,3
DA:61,3
DA:62,3
DA:64,3
DA:65,3
DA:66,3
DA:67,0
DA:68,0
DA:70,3
DA:73,3
DA:74,3
DA:76,0
DA:81,3
DA:97,3
DA:98,3
DA:100,3
LF:45
LH:39
BRDA:2,0,0,3
BRDA:2,0,1,0
BRDA:4,1,0,0
BRDA:4,1,1,0
BRDA:66,2,0,0
BRF:5
BRH:1
end_of_record
TN:
SF:src/common/auth_middleware.ts
FN:8,(anonymous_1)
FN:28,(anonymous_2)
FNF:2
FNH:2
FNDA:15,(anonymous_1)
FNDA:13,(anonymous_2)
DA:1,3
DA:8,3
DA:13,15
DA:14,15
DA:15,2
DA:16,2
DA:17,2
DA:20,13
DA:21,13
DA:22,13
DA:23,0
DA:24,0
DA:25,0
DA:28,13
DA:29,13
DA:30,0
DA:31,0
DA:32,0
DA:36,13
DA:38,13
DA:46,13
DA:50,3
LF:22
LH:16
BRDA:14,0,0,2
BRDA:22,1,0,0
BRDA:29,2,0,0
BRDA:29,3,0,13
BRDA:29,3,1,13
BRF:5
BRH:3
end_of_record
TN:
SF:src/common/file_middleware.ts
FN:14,(anonymous_1)
FN:21,(anonymous_2)
FN:30,(anonymous_3)
FNF:3
FNH:3
FNDA:9,(anonymous_1)
FNDA:9,(anonymous_2)
FNDA:9,(anonymous_3)
DA:1,3
DA:2,3
DA:3,3
DA:13,3
DA:15,9
DA:16,9
DA:17,1
DA:19,9
DA:22,9
DA:27,3
DA:31,9
DA:33,9
DA:35,9
DA:36,9
DA:38,0
DA:43,3
LF:16
LH:15
BRDA:16,0,0,1
BRDA:33,1,0,9
BRDA:33,1,1,9
BRDA:35,2,0,9
BRDA:35,2,1,0
BRF:5
BRH:4
end_of_record
TN:
SF:src/controllers/base_controller.ts
FN:7,(anonymous_7)
FN:11,(anonymous_8)
FN:26,(anonymous_10)
FN:42,(anonymous_12)
FN:58,(anonymous_14)
FN:76,(anonymous_16)
FN:86,(anonymous_18)
FNF:7
FNH:7
FNDA:6,(anonymous_7)
FNDA:2,(anonymous_8)
FNDA:2,(anonymous_10)
FNDA:1,(anonymous_12)
FNDA:9,(anonymous_14)
FNDA:1,(anonymous_16)
FNDA:1,(anonymous_18)
DA:8,6
DA:12,2
DA:13,2
DA:14,2
DA:15,1
DA:16,1
DA:18,1
DA:19,1
DA:22,0
DA:32,2
DA:33,2
DA:34,2
DA:35,2
DA:37,0
DA:38,0
DA:43,1
DA:45,1
DA:46,1
DA:47,1
DA:48,1
DA:49,1
DA:51,0
DA:54,0
DA:64,9
DA:65,9
DA:68,9
DA:69,9
DA:71,0
DA:72,0
DA:77,1
DA:78,1
DA:79,1
DA:80,1
DA:82,0
DA:87,1
DA:88,1
DA:89,1
DA:90,1
DA:92,0
DA:97,3
LF:40
LH:31
BRDA:14,0,0,1
BRDA:14,0,1,1
BRDA:34,1,0,0
BRDA:48,2,0,1
BRDA:48,2,1,0
BRDA:68,3,0,1
BRF:6
BRH:4
end_of_record
TN:
SF:src/controllers/book_recommendation_controller.ts
FN:4,(anonymous_7)
FN:4,(anonymous_8)
FNF:2
FNH:2
FNDA:4,(anonymous_7)
FNDA:4,(anonymous_8)
DA:2,4
DA:4,4
DA:5,4
DA:6,4
DA:7,4
DA:8,1
DA:11,4
DA:13,3
DA:14,1
DA:17,3
DA:19,1
DA:20,1
LF:12
LH:12
BRDA:7,0,0,1
BRDA:13,1,0,1
BRF:2
BRH:2
end_of_record
TN:
SF:src/controllers/comments_controller.ts
FNF:0
FNH:0
DA:1,3
DA:2,3
DA:4,3
DA:6,3
LF:4
LH:4
BRF:0
BRH:0
end_of_record
TN:
SF:src/controllers/google_controller.ts
FN:8,(anonymous_8)
FN:8,(anonymous_9)
FNF:2
FNH:0
FNDA:0,(anonymous_8)
FNDA:0,(anonymous_9)
DA:2,3
DA:3,3
DA:4,3
DA:6,3
DA:8,3
DA:9,0
DA:10,0
DA:15,0
DA:16,0
DA:17,0
DA:18,0
DA:20,0
DA:21,0
DA:22,0
DA:25,0
DA:27,0
DA:28,0
DA:30,0
DA:38,0
DA:40,0
DA:48,0
LF:21
LH:5
BRDA:16,0,0,0
BRDA:16,0,1,0
BRDA:16,1,0,0
BRDA:16,1,1,0
BRDA:17,2,0,0
BRDA:17,2,1,0
BRDA:17,3,0,0
BRDA:17,3,1,0
BRDA:18,4,0,0
BRDA:18,4,1,0
BRDA:18,5,0,0
BRDA:18,5,1,0
BRDA:20,6,0,0
BRDA:27,7,0,0
BRDA:28,8,0,0
BRDA:28,8,1,0
BRDA:28,9,0,0
BRDA:28,9,1,0
BRDA:28,10,0,0
BRDA:28,10,1,0
BRF:20
BRH:0
end_of_record
TN:
SF:src/controllers/post_controller.ts
FN:22,(anonymous_8)
FN:26,(anonymous_9)
FN:76,(anonymous_11)
FN:120,(anonymous_14)
FN:144,(anonymous_16)
FN:148,(anonymous_19)
FN:152,(anonymous_22)
FN:174,(anonymous_24)
FN:200,(anonymous_25)
FN:221,(anonymous_27)
FN:230,(anonymous_28)
FN:246,(anonymous_29)
FN:284,(anonymous_31)
FN:297,(anonymous_33)
FN:359,fetchBookCoverFromGoogleBooks
FN:406,saveImageFromUrl
FN:438,getRandomImage
FNF:17
FNH:13
FNDA:3,(anonymous_8)
FNDA:1,(anonymous_9)
FNDA:2,(anonymous_11)
FNDA:0,(anonymous_14)
FNDA:2,(anonymous_16)
FNDA:9,(anonymous_19)
FNDA:2,(anonymous_22)
FNDA:1,(anonymous_24)
FNDA:2,(anonymous_25)
FNDA:1,(anonymous_27)
FNDA:1,(anonymous_28)
FNDA:1,(anonymous_29)
FNDA:2,(anonymous_31)
FNDA:1,(anonymous_33)
FNDA:0,fetchBookCoverFromGoogleBooks
FNDA:0,saveImageFromUrl
FNDA:0,getRandomImage
DA:1,3
DA:4,3
DA:5,3
DA:6,3
DA:7,3
DA:8,3
DA:23,3
DA:27,1
DA:28,1
DA:30,1
DA:31,0
DA:34,0
DA:37,1
DA:38,1
DA:44,1
DA:46,1
DA:47,1
DA:48,1
DA:49,0
DA:52,1
DA:53,1
DA:55,1
DA:56,1
DA:57,1
DA:58,1
DA:60,0
DA:64,0
DA:67,1
DA:71,0
DA:72,0
DA:77,2
DA:79,2
DA:80,2
DA:81,0
DA:82,0
DA:86,2
DA:91,2
DA:92,1
DA:93,1
DA:97,1
DA:98,1
DA:99,1
DA:100,1
DA:101,1
DA:102,1
DA:103,1
DA:105,0
DA:108,0
DA:113,1
DA:115,0
DA:116,0
DA:121,0
DA:122,0
DA:123,0
DA:124,0
DA:126,0
DA:134,0
DA:135,0
DA:137,0
DA:139,0
DA:140,0
DA:145,2
DA:149,9
DA:153,2
DA:155,2
DA:157,2
DA:158,0
DA:159,0
DA:162,2
DA:165,2
DA:168,2
DA:169,0
DA:170,0
DA:174,2
DA:175,1
DA:176,1
DA:180,1
DA:181,1
DA:183,0
DA:184,0
DA:185,0
DA:189,1
DA:191,1
DA:193,0
DA:194,0
DA:201,2
DA:203,2
DA:205,2
DA:206,0
DA:207,0
DA:210,2
DA:213,2
DA:214,2
DA:215,0
DA:216,0
DA:220,2
DA:221,1
DA:223,2
DA:224,1
DA:225,1
DA:229,1
DA:230,1
DA:234,1
DA:236,1
DA:238,0
DA:239,0
DA:247,1
DA:248,1
DA:249,0
DA:250,0
DA:253,1
DA:254,1
DA:257,1
DA:265,1
DA:266,0
DA:267,0
DA:271,1
DA:273,1
DA:274,0
DA:275,0
DA:277,1
DA:279,0
DA:280,0
DA:285,2
DA:286,2
DA:287,0
DA:288,0
DA:290,2
DA:291,2
DA:293,0
DA:298,1
DA:299,1
DA:301,1
DA:302,1
DA:303,0
DA:304,0
DA:307,1
DA:314,1
DA:315,0
DA:316,0
DA:319,1
DA:320,1
DA:321,1
DA:323,1
DA:324,0
DA:325,0
DA:326,0
DA:327,0
DA:328,0
DA:329,0
DA:330,0
DA:332,0
DA:335,0
DA:339,0
DA:340,0
DA:341,0
DA:344,0
DA:345,0
DA:347,0
DA:348,0
DA:351,1
DA:352,1
DA:354,0
DA:363,0
DA:364,0
DA:365,0
DA:367,0
DA:369,0
DA:370,0
DA:372,0
DA:373,0
DA:375,0
DA:379,0
DA:382,0
DA:385,0
DA:387,0
DA:388,0
DA:390,0
DA:391,0
DA:392,0
DA:393,0
DA:394,0
DA:398,0
DA:401,0
DA:402,0
DA:410,0
DA:411,0
DA:412,0
DA:415,0
DA:416,0
DA:418,0
DA:419,0
DA:422,0
DA:425,0
DA:430,0
DA:431,0
DA:433,0
DA:434,0
DA:439,0
DA:442,3
LF:200
LH:94
BRDA:30,0,0,0
BRDA:30,1,0,1
BRDA:30,1,1,1
BRDA:30,1,2,1
BRDA:46,2,0,1
BRDA:46,2,1,0
BRDA:48,3,0,0
BRDA:80,4,0,0
BRDA:91,5,0,1
BRDA:97,6,0,1
BRDA:101,7,0,1
BRDA:101,7,1,0
BRDA:122,8,0,0
BRDA:122,8,1,0
BRDA:123,9,0,0
BRDA:123,9,1,0
BRDA:157,10,0,0
BRDA:168,11,0,0
BRDA:174,12,0,1
BRDA:180,13,0,1
BRDA:180,13,1,0
BRDA:195,14,0,0
BRDA:195,14,1,0
BRDA:205,15,0,0
BRDA:214,16,0,0
BRDA:223,17,0,1
BRDA:248,18,0,0
BRDA:248,19,0,1
BRDA:248,19,1,1
BRDA:265,20,0,0
BRDA:271,21,0,1
BRDA:271,21,1,0
BRDA:271,22,0,1
BRDA:271,22,1,1
BRDA:271,23,0,0
BRDA:271,23,1,1
BRDA:271,24,0,1
BRDA:271,24,1,1
BRDA:273,25,0,0
BRDA:286,26,0,0
BRDA:302,27,0,0
BRDA:314,28,0,0
BRDA:320,29,0,0
BRDA:321,30,0,1
BRDA:323,31,0,0
BRDA:324,32,0,0
BRDA:328,33,0,0
BRDA:328,33,1,0
BRDA:340,34,0,0
BRDA:372,35,0,0
BRDA:372,36,0,0
BRDA:372,36,1,0
BRDA:375,37,0,0
BRDA:375,37,1,0
BRDA:375,37,2,0
BRDA:375,38,0,0
BRDA:375,38,1,0
BRDA:375,39,0,0
BRDA:375,39,1,0
BRDA:376,40,0,0
BRDA:376,40,1,0
BRDA:376,41,0,0
BRDA:376,41,1,0
BRDA:390,42,0,0
BRDA:390,43,0,0
BRDA:390,43,1,0
BRDA:392,44,0,0
BRDA:411,45,0,0
BRDA:418,46,0,0
BRF:69
BRH:19
end_of_record
TN:
SF:src/controllers/users_controller.ts
FN:9,(anonymous_8)
FN:9,(anonymous_9)
FN:76,(anonymous_10)
FN:96,(anonymous_11)
FN:96,(anonymous_12)
FN:135,(anonymous_13)
FN:135,(anonymous_14)
FN:146,(anonymous_15)
FN:156,(anonymous_16)
FN:156,(anonymous_17)
FN:170,(anonymous_18)
FN:170,(anonymous_19)
FN:191,(anonymous_20)
FN:206,(anonymous_21)
FN:206,(anonymous_22)
FN:226,(anonymous_23)
FN:226,(anonymous_24)
FNF:17
FNH:17
FNDA:8,(anonymous_8)
FNDA:8,(anonymous_9)
FNDA:4,(anonymous_10)
FNDA:5,(anonymous_11)
FNDA:5,(anonymous_12)
FNDA:3,(anonymous_13)
FNDA:3,(anonymous_14)
FNDA:1,(anonymous_15)
FNDA:4,(anonymous_16)
FNDA:4,(anonymous_17)
FNDA:2,(anonymous_18)
FNDA:2,(anonymous_19)
FNDA:1,(anonymous_20)
FNDA:1,(anonymous_21)
FNDA:1,(anonymous_22)
FNDA:2,(anonymous_23)
FNDA:2,(anonymous_24)
DA:3,3
DA:4,3
DA:5,3
DA:6,3
DA:7,3
DA:9,8
DA:10,8
DA:11,8
DA:13,8
DA:14,3
DA:15,3
DA:17,5
DA:19,5
DA:20,1
DA:21,1
DA:24,4
DA:28,4
DA:29,1
DA:30,1
DA:33,3
DA:34,1
DA:37,1
DA:41,2
DA:42,2
DA:45,2
DA:52,2
DA:53,2
DA:54,0
DA:58,2
DA:59,2
DA:62,2
DA:63,2
DA:65,2
DA:67,0
DA:76,3
DA:77,4
DA:78,0
DA:80,4
DA:81,4
DA:87,4
DA:93,4
DA:96,5
DA:97,5
DA:98,5
DA:101,5
DA:102,5
DA:103,1
DA:104,1
DA:108,4
DA:109,4
DA:110,1
DA:111,1
DA:115,3
DA:116,3
DA:117,0
DA:118,0
DA:122,3
DA:123,3
DA:125,3
DA:131,0
DA:135,3
DA:136,3
DA:137,3
DA:138,3
DA:139,1
DA:140,1
DA:144,2
DA:145,2
DA:146,1
DA:147,1
DA:150,2
DA:152,0
DA:156,4
DA:157,4
DA:158,4
DA:159,4
DA:160,1
DA:161,1
DA:164,3
DA:165,1
DA:166,1
DA:170,2
DA:171,2
DA:172,1
DA:173,1
DA:176,1
DA:177,1
DA:178,1
DA:179,0
DA:180,0
DA:184,1
DA:185,1
DA:186,0
DA:187,0
DA:191,1
DA:192,1
DA:193,1
DA:195,1
DA:202,0
DA:206,3
DA:207,1
DA:208,1
DA:209,1
DA:210,0
DA:211,0
DA:214,1
DA:215,1
DA:216,0
DA:217,0
DA:220,1
DA:222,0
DA:226,3
DA:227,2
DA:228,2
DA:229,2
DA:230,0
DA:231,0
DA:234,2
DA:236,2
DA:237,1
DA:238,1
DA:239,0
DA:241,1
DA:242,1
DA:243,1
DA:246,2
DA:247,2
DA:249,0
DA:254,3
LF:129
LH:108
BRDA:13,0,0,3
BRDA:13,1,0,8
BRDA:13,1,1,7
BRDA:13,1,2,6
BRDA:19,2,0,1
BRDA:28,3,0,1
BRDA:33,4,0,1
BRDA:53,5,0,0
BRDA:77,6,0,0
BRDA:102,7,0,1
BRDA:109,8,0,1
BRDA:116,9,0,0
BRDA:122,10,0,3
BRDA:122,10,1,0
BRDA:138,11,0,1
BRDA:145,12,0,1
BRDA:146,13,0,1
BRDA:146,13,1,0
BRDA:146,14,0,0
BRDA:146,14,1,1
BRDA:146,15,0,1
BRDA:146,15,1,1
BRDA:159,16,0,1
BRDA:164,17,0,1
BRDA:171,18,0,1
BRDA:178,19,0,0
BRDA:178,20,0,1
BRDA:178,20,1,1
BRDA:178,21,0,0
BRDA:178,21,1,1
BRDA:178,22,0,1
BRDA:178,22,1,1
BRDA:185,23,0,0
BRDA:208,24,0,0
BRDA:208,24,1,1
BRDA:208,25,0,1
BRDA:208,25,1,1
BRDA:209,26,0,0
BRDA:215,27,0,0
BRDA:228,28,0,0
BRDA:228,28,1,2
BRDA:228,29,0,2
BRDA:228,29,1,2
BRDA:229,30,0,0
BRDA:236,31,0,1
BRDA:238,32,0,0
BRF:46
BRH:31
end_of_record
TN:
SF:src/models/comments_model.ts
FNF:0
FNH:0
DA:1,3
DA:9,3
DA:24,3
DA:26,3
LF:4
LH:4
BRF:0
BRH:0
end_of_record
TN:
SF:src/models/post_model.ts
FNF:0
FNH:0
DA:1,3
DA:14,3
DA:50,3
DA:52,3
LF:4
LH:4
BRF:0
BRH:0
end_of_record
TN:
SF:src/models/users_model.ts
FNF:0
FNH:0
DA:1,3
DA:12,3
DA:37,3
DA:39,3
LF:4
LH:4
BRF:0
BRH:0
end_of_record
TN:
SF:src/routes/books_route.ts
FNF:0
FNH:0
DA:1,3
DA:2,3
DA:4,3
DA:46,3
DA:48,3
LF:5
LH:5
BRF:0
BRH:0
end_of_record
TN:
SF:src/routes/comments_route.ts
FNF:0
FNH:0
DA:1,3
DA:2,3
DA:3,3
DA:6,3
DA:8,3
DA:10,3
DA:12,3
DA:14,3
LF:8
LH:8
BRF:0
BRH:0
end_of_record
TN:
SF:src/routes/post_route.ts
FNF:0
FNH:0
DA:1,3
DA:2,3
DA:3,3
DA:4,3
DA:37,3
DA:59,3
DA:81,3
DA:94,3
DA:126,3
DA:157,3
DA:186,3
DA:216,3
DA:246,3
DA:276,3
DA:308,3
DA:310,3
LF:16
LH:16
BRF:0
BRH:0
end_of_record
TN:
SF:src/routes/users_route.ts
FNF:0
FNH:0
DA:1,3
DA:2,3
DA:3,3
DA:4,3
DA:6,3
DA:51,3
DA:74,3
DA:114,3
DA:146,3
DA:188,3
DA:216,3
DA:245,3
DA:261,3
DA:263,3
LF:14
LH:14
BRF:0
BRH:0
end_of_record
TN:
SF:src/services/books_service.ts
FN:9,(anonymous_8)
FN:9,(anonymous_9)
FN:41,(anonymous_10)
FNF:3
FNH:0
FNDA:0,(anonymous_8)
FNDA:0,(anonymous_9)
FNDA:0,(anonymous_10)
DA:1,4
DA:2,4
DA:4,4
DA:6,4
DA:7,4
DA:9,4
DA:10,0
DA:11,0
DA:12,0
DA:15,0
DA:34,0
DA:36,0
DA:37,0
DA:41,0
DA:43,0
DA:44,0
LF:16
LH:6
BRDA:11,0,0,0
BRDA:34,1,0,0
BRDA:34,1,1,0
BRDA:34,2,0,0
BRDA:34,2,1,0
BRDA:34,3,0,0
BRDA:34,3,1,0
BRDA:34,4,0,0
BRDA:34,4,1,0
BRDA:34,5,0,0
BRDA:34,5,1,0
BRDA:34,6,0,0
BRDA:34,6,1,0
BRDA:36,7,0,0
BRF:14
BRH:0
end_of_record
